This is XeTeX, Version 3.14159265-2.6-0.99992 (TeX Live 2015/Debian) (preloaded format=xelatex 2016.10.3)  6 MAR 2017 15:52
entering extended mode
 restricted \write18 enabled.
 %&-line parsing enabled.
**LIVRO.tex
(./LIVRO.tex
LaTeX2e <2016/02/01>
Babel <3.9q> and hyphenation patterns for 81 language(s) loaded.
(/usr/share/texlive/texmf-dist/tex/latex/memoir/memoir.cls
Document Class: memoir 2015/07/08 v3.7e configurable book, report, article docu
ment class
\onelineskip=\skip41
\lxvchars=\skip42
\xlvchars=\skip43
\@memcnta=\count79
\c@@memmarkcntra=\count80
(/usr/share/texlive/texmf-dist/tex/generic/oberdiek/ifpdf.sty
Package: ifpdf 2011/01/30 v2.3 Provides the ifpdf switch (HO)
Package ifpdf Info: pdfTeX in PDF mode is not detected.
)
(/usr/share/texlive/texmf-dist/tex/latex/ifetex/ifetex.sty
Package: ifetex 2011/12/15 v1.2 ifetex

(/usr/share/texlive/texmf-dist/tex/plain/ifetex/ifetex.tex))
(/usr/share/texlive/texmf-dist/tex/generic/ifxetex/ifxetex.sty
Package: ifxetex 2010/09/12 v0.6 Provides ifxetex conditional
)
(/usr/share/texlive/texmf-dist/tex/generic/oberdiek/ifluatex.sty
Package: ifluatex 2010/03/01 v1.3 Provides the ifluatex switch (HO)
Package ifluatex Info: LuaTeX not detected.
)
\stockheight=\skip44
\stockwidth=\skip45
\trimtop=\skip46
\trimedge=\skip47

(/usr/share/texlive/texmf-dist/tex/latex/memoir/mem10.clo
File: mem10.clo 2008/01/30 v0.3 memoir class 10pt size option
)
\binding=\skip48
\spinemargin=\skip49
\foremargin=\skip50
\uppermargin=\skip51
\lowermargin=\skip52
\headdrop=\skip53
\normalrulethickness=\skip54
\mem@maxheadheight=\skip55
\mem@maxfootheight=\skip56
\headwidth=\skip57
\c@storedpagenumber=\count81
\memPD=\dimen102
\m@mabparskip=\skip58
\thanksmarkwidth=\skip59
\thanksmarksep=\skip60
\droptitle=\skip61
\c@book=\count82
\c@part=\count83
\c@chapter=\count84
\c@section=\count85
\c@subsection=\count86
\c@subsubsection=\count87
\c@paragraph=\count88
\c@subparagraph=\count89
\beforechapskip=\skip62
\midchapskip=\skip63
\afterchapskip=\skip64
\chapindent=\skip65
\bottomsectionskip=\skip66
\secindent=\skip67
\beforesecskip=\skip68
\aftersecskip=\skip69
\subsecindent=\skip70
\beforesubsecskip=\skip71
\aftersubsecskip=\skip72
\subsubsecindent=\skip73
\beforesubsubsecskip=\skip74
\aftersubsubsecskip=\skip75
\paraindent=\skip76
\beforeparaskip=\skip77
\afterparaskip=\skip78
\subparaindent=\skip79
\beforesubparaskip=\skip80
\aftersubparaskip=\skip81
\pfbreakskip=\skip82
\c@@ppsavesec=\count90
\c@@ppsaveapp=\count91
\ragrparindent=\dimen103
\everylistparindent=\dimen104
\parsepi=\skip83
\topsepi=\skip84
\itemsepi=\skip85
\parsepii=\skip86
\topsepii=\skip87
\topsepiii=\skip88
\itemsepii=\skip89
\itemsepiii=\skip90
\partopsepii=\skip91
\partopsepiii=\skip92
\m@msavetopsep=\skip93
\m@msavepartopsep=\skip94
\@enLab=\toks14
\abstitleskip=\skip95
\absleftindent=\skip96
\abs@leftindent=\dimen105
\absrightindent=\skip97
\absparindent=\skip98
\absparsep=\skip99
\c@vslineno=\count92
\c@poemline=\count93
\c@modulo@vs=\count94
\c@memfvsline=\count95
\vleftskip=\skip100
\vrightskip=\skip101
\stanzaskip=\skip102
\versewidth=\skip103
\vgap=\skip104
\vindent=\skip105
\vleftmargin=\dimen106
\c@verse=\count96
\c@chrsinstr=\count97
\beforepoemtitleskip=\skip106
\afterpoemtitleskip=\skip107
\c@poem=\count98
\beforePoemTitleskip=\skip108
\midPoemTitleskip=\skip109
\afterPoemTitleskip=\skip110
\col@sep=\dimen107
\extrarowheight=\dimen108
\NC@list=\toks15
\extratabsurround=\skip111
\backup@length=\skip112
\TX@col@width=\dimen109
\TX@old@table=\dimen110
\TX@old@col=\dimen111
\TX@target=\dimen112
\TX@delta=\dimen113
\TX@cols=\count99
\TX@ftn=\toks16
\heavyrulewidth=\dimen114
\lightrulewidth=\dimen115
\cmidrulewidth=\dimen116
\belowrulesep=\dimen117
\belowbottomsep=\dimen118
\aboverulesep=\dimen119
\abovetopsep=\dimen120
\cmidrulesep=\dimen121
\cmidrulekern=\dimen122
\defaultaddspace=\dimen123
\@cmidla=\count100
\@cmidlb=\count101
\@aboverulesep=\dimen124
\@belowrulesep=\dimen125
\@thisruleclass=\count102
\@lastruleclass=\count103
\@thisrulewidth=\dimen126
\ctableftskip=\skip113
\ctabrightskip=\skip114
\abovecolumnspenalty=\count104
\@linestogo=\count105
\@cellstogo=\count106
\@cellsincolumn=\count107
\crtok=\toks17
\@mincolumnwidth=\dimen127
\c@newflo@tctr=\count108
\mem@margin@floatbox=\box26
\@contcwidth=\skip115
\@contindw=\skip116
\abovecaptionskip=\skip117
\belowcaptionskip=\skip118
\subfloattopskip=\skip119
\subfloatcapskip=\skip120
\subfloatcaptopadj=\skip121
\subfloatbottomskip=\skip122
\subfloatlabelskip=\skip123
\subfloatcapmargin=\dimen128
\c@@contsubnum=\count109
\m@mscap@capbox=\box27
\m@mscap@fbox=\box28
\sidecapsep=\dimen129
\sidecapwidth=\dimen130
\m@m@tempdima=\dimen131
\m@mscapraise=\dimen132
\sidecapraise=\dimen133
\m@mscapmainwidth=\dimen134
\m@mscaplkern=\dimen135
\beforeepigraphskip=\skip124
\afterepigraphskip=\skip125
\epigraphwidth=\skip126
\epigraphrule=\skip127
LaTeX Info: Redefining \em on input line 7535.
LaTeX Info: Redefining \emph on input line 7543.
\tocentryskip=\skip128
\tocbaseline=\skip129
\cftparskip=\skip130
\cftbeforebookskip=\skip131
\cftbookindent=\dimen136
\cftbooknumwidth=\dimen137
\cftbeforepartskip=\skip132
\cftpartindent=\skip133
\cftpartnumwidth=\skip134
\cftbeforechapterskip=\skip135
\cftchapterindent=\skip136
\cftchapternumwidth=\skip137
\cftbeforesectionskip=\skip138
\cftsectionindent=\skip139
\cftsectionnumwidth=\skip140
\cftbeforesubsectionskip=\skip141
\cftsubsectionindent=\skip142
\cftsubsectionnumwidth=\skip143
\cftbeforesubsubsectionskip=\skip144
\cftsubsubsectionindent=\skip145
\cftsubsubsectionnumwidth=\skip146
\cftbeforeparagraphskip=\skip147
\cftparagraphindent=\skip148
\cftparagraphnumwidth=\skip149
\cftbeforesubparagraphskip=\skip150
\cftsubparagraphindent=\skip151
\cftsubparagraphnumwidth=\skip152
\prechapterprecisshift=\dimen138
\c@maxsecnumdepth=\count110
\bibindent=\dimen139
\bibitemsep=\skip153
\indexcolsep=\skip154
\indexrule=\skip155
\indexmarkstyle=\toks18
\@indexbox=\insert199
\glossarycolsep=\dimen140
\glossaryrule=\dimen141
\sideparvshift=\skip156
\sideins=\insert198
\sidebartopsep=\skip157
\sidebarhsep=\skip158
\sidebarvsep=\skip159
\sidebarwidth=\skip160
\footmarkwidth=\skip161
\footmarksep=\skip162
\footparindent=\skip163
\footinsdim=\skip164
\footinsv@r=\insert197
\@mpfootinsv@r=\insert196
\m@m@k=\count111
\m@m@h=\dimen142
\m@mipn@skip=\skip165
\sidefootins=\insert195
\sidefootadjust=\skip166
\sidefootheight=\skip167
\sidefoothsep=\skip168
\sidefootvsep=\skip169
\sidefootwidth=\skip170
\m@mdownsf=\skip171
\c@sidefootnote=\count112
\sidefootmarkwidth=\skip172
\sidefootmarksep=\skip173
\sidefootparindent=\skip174
\c@pagenote=\count113
\c@pagenoteshadow=\count114
\mem@pn@lastkern=\skip175
\every@verbatim=\toks19
\afterevery@verbatim=\toks20
\verbatim@line=\toks21
\tab@position=\count115
\verbatim@in@stream=\read1
\verbatimindent=\skip176
\verbatim@out=\write3
\bvboxsep=\skip177
\c@memfbvline=\count116
\c@bvlinectr=\count117
\bvnumlength=\skip178
\fb@frw=\dimen143
\fb@frh=\dimen144
\FrameRule=\dimen145
\FrameSep=\dimen146
\c@cp@cntr=\count118
LaTeX Info: Redefining \: on input line 12052.
LaTeX Info: Redefining \! on input line 12054.
\c@ism@mctr=\count119
\c@xsm@mctr=\count120
\c@csm@mctr=\count121
\c@ksm@mctr=\count122
\c@xksm@mctr=\count123
\c@cksm@mctr=\count124
\c@msm@mctr=\count125
\c@xmsm@mctr=\count126
\c@cmsm@mctr=\count127
\c@bsm@mctr=\count128
\c@workm@mctr=\count129
\c@sheetsequence=\count130
\c@lastsheet=\count131
\c@lastpage=\count132
\c@figure=\count133
\c@lofdepth=\count134
\cftbeforefigureskip=\skip179
\cftfigureindent=\skip180
\cftfigurenumwidth=\skip181
\c@table=\count135
\c@lotdepth=\count136
\cftbeforetableskip=\skip182
\cfttableindent=\skip183
\cfttablenumwidth=\skip184
Package abstract [2008/07/23] emulated by memoir.
Package appendix [2008/07/23] emulated by memoir.
Package array [2008/09/09] emulated by memoir.
Package booktabs [2008/07/23] emulated by memoir.
Package ccaption [2008/07/23] emulated by memoir.
Package changepage [2008/07/23] emulated by memoir.
Package chngcntr [2008/07/23] emulated by memoir.
Package chngpage [2008/07/23] emulated by memoir.
Package crop emulated by memoir.
Package dcolumn [2008/07/23] emulated by memoir.
Package delarray [2008/07/23] emulated by memoir.
Package enumerate [2008/07/23] emulated by memoir.
Package epigraph [2008/07/23] emulated by memoir.
Package ifmtarg [2008/07/23] emulated by memoir.
Package index [2008/07/23] emulated by memoir.
Package makeidx [2008/07/23] emulated by memoir.
Package moreverb [2008/07/23] emulated by memoir.
Package mparhack [2008/07/23] emulated by memoir.
Package needspace [2008/07/23] emulated by memoir.
Package newfile [2008/07/23] emulated by memoir.
Package nextpage [2008/07/23] emulated by memoir.
Package pagenote [2008/07/23] emulated by memoir.
Package parskip [2008/07/23] emulated by memoir.
Package patchcmd [2008/07/23] emulated by memoir.
Package setspace [2008/07/23] emulated by memoir.
Package shortvrb [2008/07/23] emulated by memoir.
Package showidx [2008/07/23] emulated by memoir.
Package tabularx [2008/07/23] emulated by memoir.
Package titleref [2008/07/23] emulated by memoir.
Package titling [2008/07/23] emulated by memoir.
Package tocbibind [2008/07/23] emulated by memoir.
Package tocloft [2008/07/23] emulated by memoir.
Package tocvsec2 [2008/07/23] emulated by memoir.
Package verbatim [2008/07/23] emulated by memoir.
Package verse [2008/07/23] emulated by memoir.

(/usr/share/texlive/texmf-dist/tex/latex/memoir/mempatch.sty
Package: mempatch 2009/07/24 v6.0f Patches for memoir class v1.6180339
))
(./hedraoptions.sty

Class memoir Warning: \marginparsep is zero or negative on input line 165.


******************************************************
Stock height and width: 845.04684pt by 597.50787pt
Top and edge trims: 56.9055pt and 118.07893pt
Page height and width: 543.44763pt by 361.34999pt
Text height and width: 430pt by 264pt
Spine and edge margins: 48.63591pt and 48.10345pt
Upper and lower margins: 41.41235pt and 72.03528pt
Headheight and headsep: 12pt and 0pt
Footskip: 25.29494pt
Columnsep and columnseprule: 10pt and 0pt
Marginparsep and marginparwidth: 0pt and 66.15265pt
Sidecapsep and sidecapwidth: 7pt and 128pt
Sidebarhsep and sidebarwidth: 7pt and 128pt
Sidebarvsep and sidebartopsep: 12pt and 0pt
Sidebarheight: 548.39996pt
Sidefoothsep and sidefootwidth: 7pt and 128pt
Sidefootvsep and sidefootheight: 12pt and 548.39996pt
******************************************************

) (/home/editorial/texmf/tex/hedrastyles.sty
(/usr/share/texlive/texmf-dist/tex/latex/textcase/textcase.sty
Package: textcase 2004/10/07 v0.07 Text only upper/lower case changing (DPC)
LaTeX Info: Redefining \MakeTextUppercase on input line 47.
LaTeX Info: Redefining \MakeTextLowercase on input line 50.
)
(/usr/share/texlive/texmf-dist/tex/latex/etoolbox/etoolbox.sty
Package: etoolbox 2015/08/02 v2.2a e-TeX tools for LaTeX (JAW)
\etb@tempcnta=\count137
))
(./tipografia.sty
(/usr/share/texlive/texmf-dist/tex/latex/lettrine/lettrine.sty
File: lettrine.sty 2015/08/31 v1.9 (Daniel Flipo)

(/usr/share/texlive/texmf-dist/tex/latex/graphics/keyval.sty
Package: keyval 2014/10/28 v1.15 key=value parser (DPC)
\KV@toks@=\toks22
)
\c@DefaultLines=\count138
\c@DefaultDepth=\count139
\DefaultFindent=\dimen147
\DefaultNindent=\dimen148
\DefaultSlope=\dimen149
\DiscardVskip=\dimen150
\L@lbox=\box29
\L@tbox=\box30
\c@L@lines=\count140
\c@L@depth=\count141
\L@Pindent=\dimen151
\L@Findent=\dimen152
\L@Nindent=\dimen153
\L@lraise=\dimen154
\L@first=\dimen155
\L@next=\dimen156
\L@slope=\dimen157
\L@height=\dimen158
\L@novskip=\dimen159
\LettrineWidth=\dimen160
\LettrineHeight=\dimen161
\LettrineDepth=\dimen162

Loading lettrine.cfg
(/usr/share/texlive/texmf-dist/tex/latex/lettrine/lettrine.cfg))
(/usr/share/texlive/texmf-dist/tex/generic/ulem/ulem.sty
\UL@box=\box31
\UL@hyphenbox=\box32
\UL@skip=\skip185
\UL@hook=\toks23
\UL@height=\dimen163
\UL@pe=\count142
\UL@pixel=\dimen164
\ULC@box=\box33
Package: ulem 2012/05/18
\ULdepth=\dimen165
)
(/usr/share/texlive/texmf-dist/tex/latex/comment/comment.sty
\CommentStream=\write4

Excluding comment 'comment')
(/usr/share/texlive/texmf-dist/tex/latex/lipsum/lipsum.sty
Package: lipsum 2014/07/27 v1.3 150 paragraphs of Lorem Ipsum dummy text
\c@lips@count=\count143
)
(/usr/share/texlive/texmf-dist/tex/latex/adforn/adforn.sty
Package: adforn 2010/07/25 v1.0 adforn CFR

(/usr/share/texlive/texmf-dist/tex/latex/psnfss/pifont.sty
Package: pifont 2005/04/12 PSNFSS-v9.2a Pi font support (SPQR) 
LaTeX Font Info:    Try loading font information for U+pzd on input line 63.

(/usr/share/texlive/texmf-dist/tex/latex/psnfss/upzd.fd
File: upzd.fd 2001/06/04 font definitions for U/pzd.
)
LaTeX Font Info:    Try loading font information for U+psy on input line 64.

(/usr/share/texlive/texmf-dist/tex/latex/psnfss/upsy.fd
File: upsy.fd 2001/06/04 font definitions for U/psy.
))
LaTeX Font Info:    Try loading font information for U+OrnementsADF on input li
ne 4.

(/usr/share/texlive/texmf-dist/tex/latex/adforn/uornementsadf.fd))
(/home/editorial/texmf/tex/hifensextras.sty)
(/usr/share/texlive/texmf-dist/tex/latex/ncctools/manyfoot.sty
Package: manyfoot 2005/09/11 v1.10 Many Footnote Levels Package (NCC)

(/usr/share/texlive/texmf-dist/tex/latex/ncctools/nccfoots.sty
Package: nccfoots 2005/02/03 v1.2 NCC Footnotes Package (NCC)
)
\MFL@columnwidth=\dimen166
\footglue=\skip186
)
(/usr/share/texlive/texmf-dist/tex/latex/footmisc/footmisc.sty
Package: footmisc 2011/06/06 v5.5b a miscellany of footnote facilities
\FN@temptoken=\toks24
\footnotemargin=\dimen167
\c@pp@next@reset=\count144


LaTeX Warning: Command \@footnotemark  has changed.
               Check if current package is valid.

Package footmisc Info: Declaring symbol style bringhurst on input line 855.
Package footmisc Info: Declaring symbol style chicago on input line 863.
Package footmisc Info: Declaring symbol style wiley on input line 872.
Package footmisc Info: Declaring symbol style lamport-robust on input line 883.

Package footmisc Info: Declaring symbol style lamport* on input line 903.
Package footmisc Info: Declaring symbol style lamport*-robust on input line 924
.
) (/usr/share/texlive/texmf-dist/tex/latex/xifthen/xifthen.sty
Package: xifthen 2015/11/05 v1.4.0 Extended ifthen features

(/usr/share/texlive/texmf-dist/tex/latex/tools/calc.sty
Package: calc 2014/10/28 v4.3 Infix arithmetic (KKT,FJ)
\calc@Acount=\count145
\calc@Bcount=\count146
\calc@Adimen=\dimen168
\calc@Bdimen=\dimen169
\calc@Askip=\skip187
\calc@Bskip=\skip188
LaTeX Info: Redefining \setlength on input line 80.
LaTeX Info: Redefining \addtolength on input line 81.
\calc@Ccount=\count147
\calc@Cskip=\skip189
)
(/usr/share/texlive/texmf-dist/tex/latex/base/ifthen.sty
Package: ifthen 2014/09/29 v1.1c Standard LaTeX ifthen package (DPC)
))
(/usr/share/texlive/texmf-dist/tex/latex/mdwtools/footnote.sty
Package: footnote 1997/01/28 1.13 Save footnotes around boxes
\fn@notes=\box34
\fn@width=\dimen170
)
\epigraphminimallength=\skip190
)
(/usr/share/texlive/texmf-dist/tex/generic/babel/babel.sty
Package: babel 2016/02/24 3.9q The Babel package

(/usr/share/texlive/texmf-dist/tex/generic/babel-greek/greek.ldf
Language: greek 2016/02/04 v1.9f Greek support for the babel system

(/usr/share/texlive/texmf-dist/tex/generic/babel/babel.def
File: babel.def 2016/02/24 3.9q Babel common definitions
\babel@savecnt=\count148
\U@D=\dimen171

(/usr/share/texlive/texmf-dist/tex/generic/babel/xebabel.def))
\bbl@monogreek=\count149
\bbl@polygreek=\count150
\bbl@ancientgreek=\count151

(/usr/share/texlive/texmf-dist/tex/latex/greek-fontenc/lgrenc.def
File: lgrenc.def 2015/12/07 v0.13.1 LGR Greek font encoding definitions

(/usr/share/texlive/texmf-dist/tex/latex/greek-fontenc/greek-fontenc.def
File: greek-fontenc.def 2015/08/04 v0.13 Common Greek font encoding definitions

)))
(/usr/share/texlive/texmf-dist/tex/generic/babel-english/english.ldf
Language: english 2012/08/20 v3.3p English support from the babel system
\l@canadian = a dialect from \language\l@american 
\l@australian = a dialect from \language\l@british 
\l@newzealand = a dialect from \language\l@british 
)
(/usr/share/texlive/texmf-dist/tex/generic/babel-italian/italian.ldf
Language: italian 2015/03/26 v1.3n Italian support from the babel system
\it@lettering=\count152
\it@doublequoteactive=\count153
\it@ISOcompliance=\count154
)
(/usr/share/texlive/texmf-dist/tex/generic/babel-german/ngerman.ldf
Language: ngerman 2013/12/13 v2.7 German support for babel (new orthography)

(/usr/share/texlive/texmf-dist/tex/generic/babel-german/ngermanb.ldf
Language: ngermanb 2013/12/13 v2.7 German support for babel (new orthography)
\l@naustrian = a dialect from \language\l@ngerman 
\l@nswissgerman = a dialect from \language\l@ngerman 
Package babel Info: Making " an active character on input line 88.
))
(/usr/share/texlive/texmf-dist/tex/generic/babel-french/frenchb.ldf
Language: frenchb 2016/02/13 v3.1l French support from the babel system
\l@acadian = a dialect from \language\l@french 
\l@canadien = a dialect from \language\l@french 
\FBcolonskip=\skip191
\FBthinskip=\skip192
Package frenchb.ldf Info: No need for active punctuation characters
(frenchb.ldf)             with this version of XeTeX!
(frenchb.ldf)             reported on input line 258.
\FB@punctthick=\XeTeXcharclass1
\FB@punctthin=\XeTeXcharclass2
\FB@punctnul=\XeTeXcharclass3
\FB@guilo=\XeTeXcharclass4
\FB@guilf=\XeTeXcharclass5
\FB@guilnul=\XeTeXcharclass6
\FBguillskip=\skip193
\FBguill@level=\count155
\FB@everypar=\toks25
\FB@Mht=\dimen172
LaTeX Info: Redefining \degres on input line 715.
\std@mcc=\count156
\dec@mcc=\count157
\listindentFB=\skip194
\labelwidthFB=\skip256
\leftmarginFB=\skip257
\parindentFFN=\dimen173
)
(/usr/share/texlive/texmf-dist/tex/generic/babel-russian/russianb.ldf
Language: russianb 2016/02/18 1.3h Russian support for the Babel system


Package babel Warning: No Cyrillic font encoding has been loaded so far.
(babel)                A font encoding should be declared before babel.
(babel)                Default `EU1' encoding will be loaded  on input line 69.


(/usr/share/texlive/texmf-dist/tex/latex/euenc/eu1enc.def
File: eu1enc.def 2010/05/27 v0.1h Experimental Unicode font encodings
))
(/usr/share/texlive/texmf-dist/tex/generic/babel-portuges/portuges.ldf
Language: portuges 2008/03/18 v1.2q Portuguese support from the babel system
\l@brazilian = a dialect from \language\l@portuges 
))
(/usr/share/texlive/texmf-dist/tex/latex/carlisle/scalefnt.sty)
(/usr/share/texlive/texmf-dist/tex/latex/microtype/microtype.sty
Package: microtype 2013/05/23 v2.5a Micro-typographical refinements (RS)
\MT@toks=\toks26
\MT@count=\count158
LaTeX Info: Redefining \textls on input line 766.
\MT@outer@kern=\dimen174
LaTeX Info: Redefining \textmicrotypecontext on input line 1285.
\MT@listname@count=\count159

(/usr/share/texlive/texmf-dist/tex/latex/microtype/microtype-xetex.def
File: microtype-xetex.def 2013/05/23 v2.5a Definitions specific to xetex (RS)
LaTeX Info: Redefining \lsstyle on input line 254.
)
Package microtype Info: Loading configuration file microtype.cfg.

(/usr/share/texlive/texmf-dist/tex/latex/microtype/microtype.cfg
File: microtype.cfg 2013/05/23 v2.5a microtype main configuration file (RS)
))
(/usr/share/texlive/texmf-dist/tex/latex/fontspec/fontspec.sty
(/usr/share/texlive/texmf-dist/tex/latex/l3kernel/expl3.sty
Package: expl3 2016/01/19 v6377 L3 programming layer (loader) 

(/usr/share/texlive/texmf-dist/tex/latex/l3kernel/expl3-code.tex
Package: expl3 2016/01/19 v6377 L3 programming layer (code)
L3 Module: l3bootstrap 2016/01/01 v6339 L3 Bootstrap code
L3 Module: l3names 2015/12/21 v6328 L3 Namespace for primitives
L3 Module: l3basics 2015/11/22 v6315 L3 Basic definitions
L3 Module: l3expan 2015/09/10 v5983 L3 Argument expansion
L3 Module: l3tl 2015/09/29 v6121 L3 Token lists
L3 Module: l3str 2016/01/03 v6357 L3 Strings
L3 Module: l3seq 2015/08/05 v5777 L3 Sequences and stacks
L3 Module: l3int 2016/01/05 v6366 L3 Integers
\c_max_int=\count160
\l_tmpa_int=\count161
\l_tmpb_int=\count162
\g_tmpa_int=\count163
\g_tmpb_int=\count164
L3 Module: l3quark 2015/08/17 v5855 L3 Quarks
L3 Module: l3prg 2015/11/01 v6216 L3 Control structures
\g__prg_map_int=\count165
L3 Module: l3clist 2015/09/02 v5901 L3 Comma separated lists
L3 Module: l3token 2015/11/11 v6249 L3 Experimental token manipulation
L3 Module: l3prop 2016/01/05 v6366 L3 Property lists
L3 Module: l3msg 2015/09/28 v6113 L3 Messages
L3 Module: l3file 2015/12/03 v6317 L3 File and I/O operations
\l_iow_line_count_int=\count166
\l__iow_target_count_int=\count167
\l__iow_current_line_int=\count168
\l__iow_current_word_int=\count169
\l__iow_current_indentation_int=\count170
L3 Module: l3skip 2016/01/05 v6366 L3 Dimensions and skips
\c_zero_dim=\dimen175
\c_max_dim=\dimen176
\l_tmpa_dim=\dimen177
\l_tmpb_dim=\dimen178
\g_tmpa_dim=\dimen179
\g_tmpb_dim=\dimen180
\c_zero_skip=\skip258
\c_max_skip=\skip259
\l_tmpa_skip=\skip260
\l_tmpb_skip=\skip261
\g_tmpa_skip=\skip262
\g_tmpb_skip=\skip263
\c_zero_muskip=\muskip10
\c_max_muskip=\muskip11
\l_tmpa_muskip=\muskip12
\l_tmpb_muskip=\muskip13
\g_tmpa_muskip=\muskip14
\g_tmpb_muskip=\muskip15
L3 Module: l3keys 2015/11/17 v6284 L3 Key-value interfaces
\g__keyval_level_int=\count171
\l_keys_choice_int=\count172
L3 Module: l3fp 2015/08/25 v5890 L3 Floating points
\c__fp_leading_shift_int=\count173
\c__fp_middle_shift_int=\count174
\c__fp_trailing_shift_int=\count175
\c__fp_big_leading_shift_int=\count176
\c__fp_big_middle_shift_int=\count177
\c__fp_big_trailing_shift_int=\count178
\c__fp_Bigg_leading_shift_int=\count179
\c__fp_Bigg_middle_shift_int=\count180
\c__fp_Bigg_trailing_shift_int=\count181
L3 Module: l3box 2015/08/09 v5822 L3 Experimental boxes
\c_empty_box=\box35
\l_tmpa_box=\box36
\l_tmpb_box=\box37
\g_tmpa_box=\box38
\g_tmpb_box=\box39
L3 Module: l3coffins 2015/08/06 v5789 L3 Coffin code layer
\l__coffin_internal_box=\box40
\l__coffin_internal_dim=\dimen181
\l__coffin_offset_x_dim=\dimen182
\l__coffin_offset_y_dim=\dimen183
\l__coffin_x_dim=\dimen184
\l__coffin_y_dim=\dimen185
\l__coffin_x_prime_dim=\dimen186
\l__coffin_y_prime_dim=\dimen187
\c_empty_coffin=\box41
\l__coffin_aligned_coffin=\box42
\l__coffin_aligned_internal_coffin=\box43
\l_tmpa_coffin=\box44
\l_tmpb_coffin=\box45
\l__coffin_display_coffin=\box46
\l__coffin_display_coord_coffin=\box47
\l__coffin_display_pole_coffin=\box48
\l__coffin_display_offset_dim=\dimen188
\l__coffin_display_x_dim=\dimen189
\l__coffin_display_y_dim=\dimen190
L3 Module: l3color 2014/08/23 v5354 L3 Experimental color support
L3 Module: l3sys 2015/09/25 v6087 L3 Experimental system/runtime functions
L3 Module: l3candidates 2016/01/14 v6376 L3 Experimental additions to l3kernel
\l__box_top_dim=\dimen191
\l__box_bottom_dim=\dimen192
\l__box_left_dim=\dimen193
\l__box_right_dim=\dimen194
\l__box_top_new_dim=\dimen256
\l__box_bottom_new_dim=\dimen257
\l__box_left_new_dim=\dimen258
\l__box_right_new_dim=\dimen259
\l__box_internal_box=\box49
\l__coffin_bounding_shift_dim=\dimen260
\l__coffin_left_corner_dim=\dimen261
\l__coffin_right_corner_dim=\dimen262
\l__coffin_bottom_corner_dim=\dimen263
\l__coffin_top_corner_dim=\dimen264
\l__coffin_scaled_total_height_dim=\dimen265
\l__coffin_scaled_width_dim=\dimen266
L3 Module: l3luatex 2015/11/11 v6250 L3 Experimental LuaTeX-specific functions
)
(/usr/share/texlive/texmf-dist/tex/latex/l3kernel/l3xdvipdfmx.def
File: l3xdvidpfmx.def 2015/11/11 v6250 L3 Experimental driver: xdvipdfmx
))
(/usr/share/texlive/texmf-dist/tex/latex/l3packages/xparse/xparse.sty
Package: xparse 2016/01/19 v6377 L3 Experimental document command parser
\l__xparse_current_arg_int=\count182
\l__xparse_m_args_int=\count183
\l__xparse_mandatory_args_int=\count184
\l__xparse_processor_int=\count185
\l__xparse_v_nesting_int=\count186
)
Package: fontspec 2016/02/01 v2.5a Font selection for XeLaTeX and LuaLaTeX

(/usr/share/texlive/texmf-dist/tex/latex/fontspec/fontspec-xetex.sty
Package: fontspec-xetex 2016/02/01 v2.5a Font selection for XeLaTeX and LuaLaTe
X
\l_fontspec_script_int=\count187
\l_fontspec_language_int=\count188
\l_fontspec_strnum_int=\count189
\l__fontspec_tmpa_dim=\dimen267
\l__fontspec_tmpb_dim=\dimen268
\l__fontspec_tmpc_dim=\dimen269
\g__file_internal_ior=\read2

(/usr/share/texlive/texmf-dist/tex/latex/base/fontenc.sty
Package: fontenc 2005/09/27 v1.99g Standard LaTeX package

(/usr/share/texlive/texmf-dist/tex/latex/euenc/eu1enc.def
File: eu1enc.def 2010/05/27 v0.1h Experimental Unicode font encodings
LaTeX Font Info:    Redeclaring font encoding EU1 on input line 17.
)
LaTeX Font Info:    Try loading font information for EU1+lmr on input line 105.


(/usr/share/texlive/texmf-dist/tex/latex/euenc/eu1lmr.fd
File: eu1lmr.fd 2009/10/30 v1.6 Font defs for Latin Modern
))
(/usr/share/texlive/texmf-dist/tex/xelatex/xunicode/xunicode.sty
File: xunicode.sty 2011/09/09 v0.981 provides access to latin accents and many 
other characters in Unicode lower plane

(/usr/share/texmf/tex/latex/tipa/t3enc.def
File: t3enc.def 2001/12/31 T3 encoding
LaTeX Font Info:    Try loading font information for EU1+lmss on input line 357
.

(/usr/share/texlive/texmf-dist/tex/latex/euenc/eu1lmss.fd
File: eu1lmss.fd 2009/10/30 v1.6 Font defs for Latin Modern
))
\tipaTiiicode=\count190
\tipasavetokens=\toks27
\tipachecktokens=\toks28

(/usr/share/texlive/texmf-dist/tex/latex/graphics/graphicx.sty
Package: graphicx 2014/10/28 v1.0g Enhanced LaTeX Graphics (DPC,SPQR)

(/usr/share/texlive/texmf-dist/tex/latex/graphics/graphics.sty
Package: graphics 2016/01/03 v1.0q Standard LaTeX Graphics (DPC,SPQR)

(/usr/share/texlive/texmf-dist/tex/latex/graphics/trig.sty
Package: trig 2016/01/03 v1.10 sin cos tan (DPC)
)
(/usr/share/texlive/texmf-dist/tex/latex/latexconfig/graphics.cfg
File: graphics.cfg 2010/04/23 v1.9 graphics configuration of TeX Live
)
Package graphics Info: Driver file: xetex.def on input line 95.

(/usr/share/texlive/texmf-dist/tex/xelatex/xetex-def/xetex.def
File: xetex.def 2015/09/11 v4.06 LaTeX color/graphics driver for XeTeX (TeX Liv
e/RRM/JK)

(/usr/share/texlive/texmf-dist/tex/generic/oberdiek/infwarerr.sty
Package: infwarerr 2010/04/08 v1.3 Providing info/warning/error messages (HO)
)
(/usr/share/texlive/texmf-dist/tex/generic/oberdiek/ltxcmds.sty
Package: ltxcmds 2011/11/09 v1.22 LaTeX kernel commands for general use (HO)
)))
\Gin@req@height=\dimen270
\Gin@req@width=\dimen271
))
.................................................
. LaTeX info: "xparse/define-command"
. 
. Defining command \__fontspec_post_arg:w with sig. 'mmO{}' on line 353.
.................................................
.................................................
. LaTeX info: "xparse/define-command"
. 
. Defining command \fontspec with sig. 'om' on line 355.
.................................................
.................................................
. LaTeX info: "xparse/define-command"
. 
. Defining command \setmainfont with sig. 'om' on line 365.
.................................................
.................................................
. LaTeX info: "xparse/define-command"
. 
. Defining command \setsansfont with sig. 'om' on line 375.
.................................................
.................................................
. LaTeX info: "xparse/define-command"
. 
. Defining command \setmonofont with sig. 'om' on line 385.
.................................................
.................................................
. LaTeX info: "xparse/define-command"
. 
. Defining command \setmathrm with sig. 'om' on line 399.
.................................................
.................................................
. LaTeX info: "xparse/define-command"
. 
. Defining command \setboldmathrm with sig. 'om' on line 407.
.................................................
.................................................
. LaTeX info: "xparse/define-command"
. 
. Defining command \setmathsf with sig. 'om' on line 415.
.................................................
.................................................
. LaTeX info: "xparse/define-command"
. 
. Defining command \setmathtt with sig. 'om' on line 423.
.................................................
.................................................
. LaTeX info: "xparse/define-command"
. 
. Defining command \newfontfamily with sig. 'mom' on line 437.
.................................................
.................................................
. LaTeX info: "xparse/define-command"
. 
. Defining command \newfontface with sig. 'mom' on line 453.
.................................................
.................................................
. LaTeX info: "xparse/define-command"
. 
. Defining command \defaultfontfeatures with sig. 't+om' on line 467.
.................................................
.................................................
. LaTeX info: "xparse/define-command"
. 
. Defining command \addfontfeatures with sig. 'm' on line 529.
.................................................
.................................................
. LaTeX info: "xparse/define-command"
. 
. Defining command \newfontfeature with sig. 'mm' on line 540.
.................................................
.................................................
. LaTeX info: "xparse/define-command"
. 
. Defining command \newAATfeature with sig. 'mmmm' on line 548.
.................................................
.................................................
. LaTeX info: "xparse/define-command"
. 
. Defining command \newopentypefeature with sig. 'mmm' on line 556.
.................................................
.................................................
. LaTeX info: "xparse/define-command"
. 
. Defining command \aliasfontfeature with sig. 'mm' on line 577.
.................................................
.................................................
. LaTeX info: "xparse/define-command"
. 
. Defining command \aliasfontfeatureoption with sig. 'mmm' on line 586.
.................................................
.................................................
. LaTeX info: "xparse/define-command"
. 
. Defining command \newfontscript with sig. 'mm' on line 590.
.................................................
.................................................
. LaTeX info: "xparse/define-command"
. 
. Defining command \newfontlanguage with sig. 'mm' on line 594.
.................................................
.................................................
. LaTeX info: "xparse/define-command"
. 
. Defining command \DeclareFontsExtensions with sig. 'm' on line 599.
.................................................
\l__fontspec_tmp_int=\count191

(/usr/share/texlive/texmf-dist/tex/latex/fontspec/fontspec.cfg)
LaTeX Info: Redefining \itshape on input line 2705.
LaTeX Info: Redefining \slshape on input line 2710.
LaTeX Info: Redefining \scshape on input line 2715.
LaTeX Info: Redefining \upshape on input line 2720.
\l__fontspec_em_int=\count192
\l__fontspec_emdef_int=\count193
LaTeX Info: Redefining \em on input line 2736.
LaTeX Info: Redefining \emph on input line 2742.
LaTeX Info: Redefining \- on input line 2746.
.................................................
. LaTeX info: "xparse/redefine-command"
. 
. Redefining command \oldstylenums with sig. 'm' on line 2841.
.................................................
.................................................
. LaTeX info: "xparse/define-command"
. 
. Defining command \liningnums with sig. 'm' on line 2845.
.................................................
))
\g__fontspec_family_LinuxLibertineO_int=\count194
.................................................
. fontspec info: "defining-font"
. 
. Font family 'LinuxLibertineO(0)' created for font 'Linux Libertine O' with
. options [Microtype,Ligatures=TeX,Ligatures=TeX,Numbers=OldStyle].
. 
. This font family consists of the following NFSS series/shapes:
. - 'normal' (m/n) with NFSS spec.: <->"Linux Libertine
. O/OT:script=latn;language=DFLT;protrusion=default,
. expansion=default;mapping=tex-text;mapping=tex-text;+onum;"
. - 'small caps'  (m/sc) with NFSS spec.: <->"Linux Libertine
. O/OT:script=latn;language=DFLT;protrusion=default,
. expansion=default;mapping=tex-text;mapping=tex-text;+onum;+smcp;"- 'bold'
. (bx/n) with NFSS spec.: <->"Linux Libertine
. O/B/OT:script=latn;language=DFLT;protrusion=default,
. expansion=default;mapping=tex-text;mapping=tex-text;+onum;"
. - 'bold small caps'  (bx/sc) with NFSS spec.: <->"Linux Libertine
. O/B/OT:script=latn;language=DFLT;protrusion=default,
. expansion=default;mapping=tex-text;mapping=tex-text;+onum;+smcp;"- 'italic'
. (m/it) with NFSS spec.: <->"Linux Libertine
. O/I/OT:script=latn;language=DFLT;protrusion=default,
. expansion=default;mapping=tex-text;mapping=tex-text;+onum;"
. - 'italic small caps'  (m/itsc) with NFSS spec.: <->"Linux Libertine
. O/I/OT:script=latn;language=DFLT;protrusion=default,
. expansion=default;mapping=tex-text;mapping=tex-text;+onum;+smcp;"- 'bold
. italic' (bx/it) with NFSS spec.: <->"Linux Libertine
. O/BI/OT:script=latn;language=DFLT;protrusion=default,
. expansion=default;mapping=tex-text;mapping=tex-text;+onum;"
. - 'bold italic small caps'  (bx/itsc) with NFSS spec.: <->"Linux Libertine
. O/BI/OT:script=latn;language=DFLT;protrusion=default,
. expansion=default;mapping=tex-text;mapping=tex-text;+onum;+smcp;"
.................................................
Unknown feature `protrusion=default' in font `Linux Libertine O'.
Unknown feature `expansion=default' in font `Linux Libertine O'.
\g__fontspec_family_WenQuanYiMicroHei_int=\count266
.................................................
. fontspec info: "no-font-shape"
. 
. Could not resolve font WenQuanYi Micro Hei/BI (it probably doesn't exist).
.................................................
.................................................
. fontspec info: "no-font-shape"
. 
. Could not resolve font WenQuanYi Micro Hei/B (it probably doesn't exist).
.................................................
.................................................
. fontspec info: "no-font-shape"
. 
. Could not resolve font WenQuanYi Micro Hei/I (it probably doesn't exist).
.................................................
.................................................
. fontspec info: "defining-font"
. 
. Font family 'WenQuanYiMicroHei(0)' created for font 'WenQuanYi Micro Hei'
. with options [Microtype].
. 
. This font family consists of the following NFSS series/shapes:
. - 'normal' (m/n) with NFSS spec.: <->"WenQuanYi Micro
. Hei/OT:script=latn;language=DFLT;protrusion=default, expansion=default;"
. - 'small caps'  (m/sc) with NFSS spec.: 
.................................................
\g__fontspec_family_SwiftNeueLTPro_int=\count267
.................................................
. fontspec info: "defining-font"
. 
. Font family 'SwiftNeueLTPro(0)' created for font 'Swift Neue LT Pro' with
. options [Microtype,Ligatures=TeX,Ligatures=TeX].
. 
. This font family consists of the following NFSS series/shapes:
. - 'normal' (m/n) with NFSS spec.: <->"Swift Neue LT
. Pro/OT:script=latn;language=DFLT;protrusion=default,
. expansion=default;mapping=tex-text;mapping=tex-text;"
. - 'small caps'  (m/sc) with NFSS spec.: <->"Swift Neue LT
. Pro/OT:script=latn;language=DFLT;protrusion=default,
. expansion=default;mapping=tex-text;mapping=tex-text;+smcp;"- 'bold' (bx/n)
. with NFSS spec.: <->"Swift Neue LT
. Pro/B/OT:script=latn;language=DFLT;protrusion=default,
. expansion=default;mapping=tex-text;mapping=tex-text;"
. - 'bold small caps'  (bx/sc) with NFSS spec.: <->"Swift Neue LT
. Pro/B/OT:script=latn;language=DFLT;protrusion=default,
. expansion=default;mapping=tex-text;mapping=tex-text;+smcp;"- 'italic' (m/it)
. with NFSS spec.: <->"Swift Neue LT
. Pro/I/OT:script=latn;language=DFLT;protrusion=default,
. expansion=default;mapping=tex-text;mapping=tex-text;"
. - 'italic small caps'  (m/itsc) with NFSS spec.: <->"Swift Neue LT
. Pro/I/OT:script=latn;language=DFLT;protrusion=default,
. expansion=default;mapping=tex-text;mapping=tex-text;+smcp;"- 'bold italic'
. (bx/it) with NFSS spec.: <->"Swift Neue LT
. Pro/BI/OT:script=latn;language=DFLT;protrusion=default,
. expansion=default;mapping=tex-text;mapping=tex-text;"
. - 'bold italic small caps'  (bx/itsc) with NFSS spec.: <->"Swift Neue LT
. Pro/BI/OT:script=latn;language=DFLT;protrusion=default,
. expansion=default;mapping=tex-text;mapping=tex-text;+smcp;"
.................................................
Unknown feature `protrusion=default' in font `Swift Neue LT Pro Regular'.
Unknown feature `expansion=default' in font `Swift Neue LT Pro Regular'.
 (./toc.sty
(/usr/share/texlive/texmf-dist/tex/latex/titlesec/titletoc.sty
Package: titletoc 2011/12/15 v1.6 TOC entries
\ttl@leftsep=\dimen272
)
(/usr/share/texlive/texmf-dist/tex/latex/relsize/relsize.sty
Package: relsize 2013/03/29 ver 4.1
))
(./hedraextra.sty (/usr/share/texlive/texmf-dist/tex/latex/base/textcomp.sty
Package: textcomp 2005/09/27 v1.99g Standard LaTeX package
Package textcomp Info: Sub-encoding information:
(textcomp)               5 = only ISO-Adobe without \textcurrency
(textcomp)               4 = 5 + \texteuro
(textcomp)               3 = 4 + \textohm
(textcomp)               2 = 3 + \textestimated + \textcurrency
(textcomp)               1 = TS1 - \textcircled - \t
(textcomp)               0 = TS1 (full)
(textcomp)             Font families with sub-encoding setting implement
(textcomp)             only a restricted character set as indicated.
(textcomp)             Family '?' is the default used for unknown fonts.
(textcomp)             See the documentation for details.
Package textcomp Info: Setting ? sub-encoding to TS1/1 on input line 79.

(/usr/share/texlive/texmf-dist/tex/latex/base/ts1enc.def
File: ts1enc.def 2001/06/05 v3.0e (jk/car/fm) Standard LaTeX file
)
LaTeX Info: Redefining \oldstylenums on input line 334.
Package textcomp Info: Setting cmr sub-encoding to TS1/0 on input line 349.
Package textcomp Info: Setting cmss sub-encoding to TS1/0 on input line 350.
Package textcomp Info: Setting cmtt sub-encoding to TS1/0 on input line 351.
Package textcomp Info: Setting cmvtt sub-encoding to TS1/0 on input line 352.
Package textcomp Info: Setting cmbr sub-encoding to TS1/0 on input line 353.
Package textcomp Info: Setting cmtl sub-encoding to TS1/0 on input line 354.
Package textcomp Info: Setting ccr sub-encoding to TS1/0 on input line 355.
Package textcomp Info: Setting ptm sub-encoding to TS1/4 on input line 356.
Package textcomp Info: Setting pcr sub-encoding to TS1/4 on input line 357.
Package textcomp Info: Setting phv sub-encoding to TS1/4 on input line 358.
Package textcomp Info: Setting ppl sub-encoding to TS1/3 on input line 359.
Package textcomp Info: Setting pag sub-encoding to TS1/4 on input line 360.
Package textcomp Info: Setting pbk sub-encoding to TS1/4 on input line 361.
Package textcomp Info: Setting pnc sub-encoding to TS1/4 on input line 362.
Package textcomp Info: Setting pzc sub-encoding to TS1/4 on input line 363.
Package textcomp Info: Setting bch sub-encoding to TS1/4 on input line 364.
Package textcomp Info: Setting put sub-encoding to TS1/5 on input line 365.
Package textcomp Info: Setting uag sub-encoding to TS1/5 on input line 366.
Package textcomp Info: Setting ugq sub-encoding to TS1/5 on input line 367.
Package textcomp Info: Setting ul8 sub-encoding to TS1/4 on input line 368.
Package textcomp Info: Setting ul9 sub-encoding to TS1/4 on input line 369.
Package textcomp Info: Setting augie sub-encoding to TS1/5 on input line 370.
Package textcomp Info: Setting dayrom sub-encoding to TS1/3 on input line 371.
Package textcomp Info: Setting dayroms sub-encoding to TS1/3 on input line 372.

Package textcomp Info: Setting pxr sub-encoding to TS1/0 on input line 373.
Package textcomp Info: Setting pxss sub-encoding to TS1/0 on input line 374.
Package textcomp Info: Setting pxtt sub-encoding to TS1/0 on input line 375.
Package textcomp Info: Setting txr sub-encoding to TS1/0 on input line 376.
Package textcomp Info: Setting txss sub-encoding to TS1/0 on input line 377.
Package textcomp Info: Setting txtt sub-encoding to TS1/0 on input line 378.
Package textcomp Info: Setting lmr sub-encoding to TS1/0 on input line 379.
Package textcomp Info: Setting lmdh sub-encoding to TS1/0 on input line 380.
Package textcomp Info: Setting lmss sub-encoding to TS1/0 on input line 381.
Package textcomp Info: Setting lmssq sub-encoding to TS1/0 on input line 382.
Package textcomp Info: Setting lmvtt sub-encoding to TS1/0 on input line 383.
Package textcomp Info: Setting lmtt sub-encoding to TS1/0 on input line 384.
Package textcomp Info: Setting qhv sub-encoding to TS1/0 on input line 385.
Package textcomp Info: Setting qag sub-encoding to TS1/0 on input line 386.
Package textcomp Info: Setting qbk sub-encoding to TS1/0 on input line 387.
Package textcomp Info: Setting qcr sub-encoding to TS1/0 on input line 388.
Package textcomp Info: Setting qcs sub-encoding to TS1/0 on input line 389.
Package textcomp Info: Setting qpl sub-encoding to TS1/0 on input line 390.
Package textcomp Info: Setting qtm sub-encoding to TS1/0 on input line 391.
Package textcomp Info: Setting qzc sub-encoding to TS1/0 on input line 392.
Package textcomp Info: Setting qhvc sub-encoding to TS1/0 on input line 393.
Package textcomp Info: Setting futs sub-encoding to TS1/4 on input line 394.
Package textcomp Info: Setting futx sub-encoding to TS1/4 on input line 395.
Package textcomp Info: Setting futj sub-encoding to TS1/4 on input line 396.
Package textcomp Info: Setting hlh sub-encoding to TS1/3 on input line 397.
Package textcomp Info: Setting hls sub-encoding to TS1/3 on input line 398.
Package textcomp Info: Setting hlst sub-encoding to TS1/3 on input line 399.
Package textcomp Info: Setting hlct sub-encoding to TS1/5 on input line 400.
Package textcomp Info: Setting hlx sub-encoding to TS1/5 on input line 401.
Package textcomp Info: Setting hlce sub-encoding to TS1/5 on input line 402.
Package textcomp Info: Setting hlcn sub-encoding to TS1/5 on input line 403.
Package textcomp Info: Setting hlcw sub-encoding to TS1/5 on input line 404.
Package textcomp Info: Setting hlcf sub-encoding to TS1/5 on input line 405.
Package textcomp Info: Setting pplx sub-encoding to TS1/3 on input line 406.
Package textcomp Info: Setting pplj sub-encoding to TS1/3 on input line 407.
Package textcomp Info: Setting ptmx sub-encoding to TS1/4 on input line 408.
Package textcomp Info: Setting ptmj sub-encoding to TS1/4 on input line 409.
)
(/usr/share/texlive/texmf-dist/tex/latex/tools/bm.sty
Package: bm 2014/10/28 v1.1c Bold Symbol Support (DPC/FMi)
\symboldoperators=\mathgroup4
\symboldletters=\mathgroup5
\symboldsymbols=\mathgroup6
LaTeX Font Info:    Redeclaring math alphabet \mathbf on input line 141.
LaTeX Info: Redefining \bm on input line 207.
)
(/usr/share/texlive/texmf-dist/tex/latex/fix2col/fix2col.sty
Package: fix2col 2015/11/13 v0.04 Output Routine fixes for two column mode (DPC
,FMi)


Package fix2col Warning: Obsolete package: ignored.

) (/usr/share/texlive/texmf-dist/tex/latex/base/fixltx2e.sty
Package: fixltx2e 2015/06/22 v2.0b fixes to LaTeX (obsolete)


Package fixltx2e Warning: fixltx2e is not required with releases after 2015
(fixltx2e)                All fixes are now in the LaTeX kernel.
(fixltx2e)                See the latexrelease package for details.

) (/usr/share/texlive/texmf-dist/tex/latex/lastpage/lastpage.sty
Package: lastpage 2015/03/29 v1.2m Refers to last page's name (HMM; JPG)
)
(/usr/share/texlive/texmf-dist/tex/latex/shorttoc/shorttoc.sty
Package: shorttoc 2002/08/20 v1.3 Short table of contents (JPFD)
)
\c@@sectionNumCenter=\count268
)
(/home/editorial/texmf/tex/penalidades.sty) (./graficos.sty
(/usr/share/texlive/texmf-dist/tex/latex/wrapfig/wrapfig.sty
\wrapoverhang=\dimen273
\WF@size=\dimen274
\c@WF@wrappedlines=\count269
\WF@box=\box50
\WF@everypar=\toks29
Package: wrapfig 2003/01/31  v 3.6
)

Class memoir Warning: You are using the caption package with the memoir class. 
To prepare we will now reset all captioning macros and configurations to kernel
 defaults, and then let the caption package take over. Please remember to use t
he caption package interfaces in order to configure your captions. .

(/usr/share/texlive/texmf-dist/tex/latex/caption/caption.sty
Package: caption 2016/02/21 v3.3-144 Customizing captions (AR)

(/usr/share/texlive/texmf-dist/tex/latex/caption/caption3.sty
Package: caption3 2016/02/04 v1.7-139 caption3 kernel (AR)
Package caption3 Info: TeX engine: e-TeX on input line 67.
\captionmargin=\dimen275
\captionmargin@=\dimen276
\captionwidth=\dimen277
\caption@tempdima=\dimen278
\caption@indent=\dimen279
\caption@parindent=\dimen280
\caption@hangindent=\dimen281
)
\c@ContinuedFloat=\count270
Package caption Info: wrapfig package is loaded.
)
(/usr/share/texlive/texmf-dist/tex/latex/textpos/textpos.sty
Package: textpos 2014/01/03 v1.7j

Package: textpos 2014/01/03 1.7j, absolute positioning of text on the page
\TP@textbox=\box51
\TPHorizModule=\dimen282
\TPVertModule=\dimen283
\TP@margin=\dimen284
\TP@absmargin=\dimen285
Grid set 16 x 16 = 22.58437pt x 33.96547pt
\TPboxrulesize=\dimen286
\TP@tbargs=\toks30
\TP@prevdepth=\dimen287
) (/usr/share/texlive/texmf-dist/tex/latex/sttools/floatpag.sty
Package: floatpag 2012/05/29 v1.1 Different pagestyles on float pages
Package: floatpag 1999/04/29 FLOAT PAGESTYLE
)
(/usr/share/texlive/texmf-dist/tex/latex/morefloats/morefloats.sty
Package: morefloats 2015/07/22 v1.0h Raise limit of unprocessed floats (HMM)

(/usr/share/texlive/texmf-dist/tex/latex/oberdiek/kvoptions.sty
Package: kvoptions 2011/06/30 v3.11 Key value format for package options (HO)

(/usr/share/texlive/texmf-dist/tex/generic/oberdiek/kvsetkeys.sty
Package: kvsetkeys 2012/04/25 v1.16 Key value parser (HO)

(/usr/share/texlive/texmf-dist/tex/generic/oberdiek/etexcmds.sty
Package: etexcmds 2011/02/16 v1.5 Avoid name clashes with e-TeX commands (HO)
Package etexcmds Info: Could not find \expanded.
(etexcmds)             That can mean that you are not using pdfTeX 1.50 or
(etexcmds)             that some package has redefined \expanded.
(etexcmds)             In the latter case, load this package earlier.
)))
Package morefloats Info: Maximum number of possible floats asked for: 36
(morefloats)             (i.e. 18 more floats).
(morefloats)             LaTeX might run out of memory before this
(morefloats)             (in which case it will notify you).
))
\imageheight=\skip264
\imagewidth=\skip265

(/home/editorial/texmf/tex/hedralogo.sty
Package: hedralogo 27/12/08 v2.0 Editora Hedra (Mantenedor: JS)

(/usr/share/texlive/texmf-dist/tex/latex/graphics/color.sty
Package: color 2016/01/03 v1.1b Standard LaTeX Color (DPC)

(/usr/share/texlive/texmf-dist/tex/latex/latexconfig/color.cfg
File: color.cfg 2007/01/18 v1.5 color configuration of teTeX/TeXLive
)
Package color Info: Driver file: xetex.def on input line 143.
))
(./fichatecnica.sty) (./aparatos.sty (/home/editorial/texmf/tex/listingx.sty))
(/home/editorial/texmf/tex/tabelas.sty
(/usr/share/texlive/texmf-dist/tex/latex/xtab/xtab.sty
Package: xtab 2011/07/31 v2.3f Extended supertabular package
\c@tracingst=\count271
\PWSTcapht=\dimen288
\ST@wd=\dimen289
\ST@rightskip=\skip266
\ST@leftskip=\skip267
\ST@parfillskip=\skip268
\c@PWSTtable=\count272
\PWSTlastpage=\count273
\PWSTpenultimate=\count274
\PWSTcurpage=\count275
\PWSTtempc=\count276
\PWSTlines=\count277
\PWST@lastht=\dimen290
\PWST@generalht=\dimen291
\PWST@ht=\dimen292
\ST@pageleft=\dimen293
\ST@headht=\dimen294
\ST@tailht=\dimen295
\ST@pagesofar=\dimen296
\ST@pboxht=\dimen297
\ST@lineht=\dimen298
\ST@stretchht=\dimen299
\ST@prevht=\dimen300
\ST@toadd=\dimen301
\ST@dimen=\dimen302
\ST@pbox=\box52
)
(/usr/share/texlive/texmf-dist/tex/latex/enumitem/enumitem.sty
Package: enumitem 2011/09/28 v3.5.2 Customized lists
\labelindent=\skip269
\enit@outerparindent=\dimen303
\enit@toks=\toks31
\enit@inbox=\box53
\enitdp@description=\count278
)
(/usr/share/texlive/texmf-dist/tex/latex/ctable/ctable.sty
Package: ctable 2015/10/17 v1.31 ctable package for flexible typesetting of tab
le and figure floats using key/value directives

(/usr/share/texlive/texmf-dist/tex/latex/xcolor/xcolor.sty
Package: xcolor 2007/01/21 v2.11 LaTeX color extensions (UK)

(/usr/share/texlive/texmf-dist/tex/latex/latexconfig/color.cfg
File: color.cfg 2007/01/18 v1.5 color configuration of teTeX/TeXLive
)
Package xcolor Info: Driver file: xetex.def on input line 225.
LaTeX Info: Redefining \color on input line 702.
Package xcolor Info: Model `cmy' substituted by `cmy0' on input line 1337.
Package xcolor Info: Model `RGB' extended on input line 1353.
Package xcolor Info: Model `HTML' substituted by `rgb' on input line 1355.
Package xcolor Info: Model `Hsb' substituted by `hsb' on input line 1356.
Package xcolor Info: Model `tHsb' substituted by `hsb' on input line 1357.
Package xcolor Info: Model `HSB' substituted by `hsb' on input line 1358.
Package xcolor Info: Model `Gray' substituted by `gray' on input line 1359.
Package xcolor Info: Model `wave' substituted by `hsb' on input line 1360.
)
(/usr/share/texlive/texmf-dist/tex/latex/xkeyval/xkeyval.sty
Package: xkeyval 2014/12/03 v2.7a package option processing (HA)

(/usr/share/texlive/texmf-dist/tex/generic/xkeyval/xkeyval.tex
(/usr/share/texlive/texmf-dist/tex/generic/xkeyval/xkvutils.tex
\XKV@toks=\toks32
\XKV@tempa@toks=\toks33
)
\XKV@depth=\count279
File: xkeyval.tex 2014/12/03 v2.7a key=value parser (HA)
))
(/usr/share/texlive/texmf-dist/tex/latex/rotating/rotating.sty
Package: rotating 2009/03/28 v2.16a rotated objects in LaTeX
\c@r@tfl@t=\count280
\rotFPtop=\skip270
\rotFPbot=\skip271
\rot@float@box=\box54
\rot@mess@toks=\toks34
)

Package ctable Warning: 
(ctable)                Transparency disabled: pdfTeX is not running in PDF mod
e .

\@CTframesep=\dimen304
\@dfltCTframesep=\dimen305
\@CTframerule=\dimen306
\@dfltCTframerule=\dimen307
\@CTwidth=\dimen308
\@dfltCTwidth=\dimen309
\@CTcaptionskip=\dimen310
\@dfltCTcaptionskip=\dimen311
\@CTmaxwidth=\dimen312
\@dfltCTmaxwidth=\dimen313
\@CTmincapwidth=\dimen314
\@dfltCTmincapwidth=\dimen315
\@CTfooterwidth=\dimen316
\@dfltCTfooterwidth=\dimen317
\@CTw=\dimen318
\@CTfloatwidth=\dimen319
\@CToldsep=\dimen320
\@CToldrule=\dimen321
\CT@t=\box55
\@CTcurftwidth=\dimen322
)) (/home/editorial/texmf/tex/versos.sty) (./LIVRO.aux (./INPUTS.aux

LaTeX Warning: Label `./img/DSC_0139.jpg' multiply defined.

) (./PUBLICIDADE.aux))
\openout1 = `LIVRO.aux'.

LaTeX Font Info:    Checking defaults for OML/cmm/m/it on input line 40.
LaTeX Font Info:    ... okay on input line 40.
LaTeX Font Info:    Checking defaults for T1/cmr/m/n on input line 40.
LaTeX Font Info:    ... okay on input line 40.
LaTeX Font Info:    Checking defaults for OT1/cmr/m/n on input line 40.
LaTeX Font Info:    ... okay on input line 40.
LaTeX Font Info:    Checking defaults for OMS/cmsy/m/n on input line 40.
LaTeX Font Info:    ... okay on input line 40.
LaTeX Font Info:    Checking defaults for OMX/cmex/m/n on input line 40.
LaTeX Font Info:    ... okay on input line 40.
LaTeX Font Info:    Checking defaults for U/cmr/m/n on input line 40.
LaTeX Font Info:    ... okay on input line 40.
LaTeX Font Info:    Checking defaults for LGR/cmr/m/n on input line 40.
LaTeX Font Info:    Try loading font information for LGR+cmr on input line 40.

(/usr/share/texlive/texmf-dist/tex/latex/cbfonts-fd/lgrcmr.fd
File: lgrcmr.fd 2013/09/01 v1.0 Greek European Computer Regular
)
LaTeX Font Info:    ... okay on input line 40.
LaTeX Font Info:    Checking defaults for EU1/lmr/m/n on input line 40.
LaTeX Font Info:    ... okay on input line 40.
LaTeX Font Info:    Checking defaults for T3/cmr/m/n on input line 40.
LaTeX Font Info:    Try loading font information for T3+cmr on input line 40.

(/usr/share/texmf/tex/latex/tipa/t3cmr.fd
File: t3cmr.fd 2001/12/31 TIPA font definitions
)
LaTeX Font Info:    ... okay on input line 40.
LaTeX Font Info:    Checking defaults for TS1/cmr/m/n on input line 40.
LaTeX Font Info:    Try loading font information for TS1+cmr on input line 40.

(/usr/share/texlive/texmf-dist/tex/latex/base/ts1cmr.fd
File: ts1cmr.fd 2014/09/29 v2.5h Standard LaTeX font definitions
)
LaTeX Font Info:    ... okay on input line 40.
Unknown feature `protrusion=default' in font `Swift Neue LT Pro Regular'.
Unknown feature `expansion=default' in font `Swift Neue LT Pro Regular'.
LaTeX Info: Redefining \dots on input line 40.
LaTeX Info: Redefining \up on input line 40.
LaTeX Info: Redefining \microtypecontext on input line 40.
Package microtype Info: Character protrusion enabled (level 2).
Package microtype Info: Using default protrusion set `alltext'.
Package microtype Info: No adjustment of tracking.
Package microtype Info: No adjustment of spacing.
Package microtype Info: No adjustment of kerning.
Package microtype Info: Loading generic settings for font family
(microtype)             `SwiftNeueLTPro' (encoding: EU1).
(microtype)             For optimal results, create family-specific settings.
(microtype)             See the microtype manual for details.
.................................................
. fontspec info: "setup-math"
. 
. Adjusting the maths setup (use [no-math] to avoid this).
.................................................
\symlegacymaths=\mathgroup7
LaTeX Font Info:    Overwriting symbol font `legacymaths' in version `bold'
(Font)                  OT1/cmr/m/n --> OT1/cmr/bx/n on input line 40.
LaTeX Font Info:    Redeclaring math accent \acute on input line 40.
LaTeX Font Info:    Redeclaring math accent \grave on input line 40.
LaTeX Font Info:    Redeclaring math accent \ddot on input line 40.
LaTeX Font Info:    Redeclaring math accent \tilde on input line 40.
LaTeX Font Info:    Redeclaring math accent \bar on input line 40.
LaTeX Font Info:    Redeclaring math accent \breve on input line 40.
LaTeX Font Info:    Redeclaring math accent \check on input line 40.
LaTeX Font Info:    Redeclaring math accent \hat on input line 40.
LaTeX Font Info:    Redeclaring math accent \dot on input line 40.
LaTeX Font Info:    Redeclaring math accent \mathring on input line 40.
LaTeX Font Info:    Redeclaring math symbol \colon on input line 40.
LaTeX Font Info:    Redeclaring math symbol \Gamma on input line 40.
LaTeX Font Info:    Redeclaring math symbol \Delta on input line 40.
LaTeX Font Info:    Redeclaring math symbol \Theta on input line 40.
LaTeX Font Info:    Redeclaring math symbol \Lambda on input line 40.
LaTeX Font Info:    Redeclaring math symbol \Xi on input line 40.
LaTeX Font Info:    Redeclaring math symbol \Pi on input line 40.
LaTeX Font Info:    Redeclaring math symbol \Sigma on input line 40.
LaTeX Font Info:    Redeclaring math symbol \Upsilon on input line 40.
LaTeX Font Info:    Redeclaring math symbol \Phi on input line 40.
LaTeX Font Info:    Redeclaring math symbol \Psi on input line 40.
LaTeX Font Info:    Redeclaring math symbol \Omega on input line 40.
LaTeX Font Info:    Redeclaring math symbol \mathdollar on input line 40.
LaTeX Font Info:    Redeclaring symbol font `operators' on input line 40.
LaTeX Font Info:    Encoding `OT1' has changed to `EU1' for symbol font
(Font)              `operators' in the math version `normal' on input line 40.
LaTeX Font Info:    Overwriting symbol font `operators' in version `normal'
(Font)                  OT1/cmr/m/n --> EU1/SwiftNeueLTPro(0)/m/n on input line
 40.
LaTeX Font Info:    Encoding `OT1' has changed to `EU1' for symbol font
(Font)              `operators' in the math version `bold' on input line 40.
LaTeX Font Info:    Overwriting symbol font `operators' in version `bold'
(Font)                  OT1/cmr/bx/n --> EU1/SwiftNeueLTPro(0)/m/n on input lin
e 40.
LaTeX Font Info:    Overwriting symbol font `operators' in version `normal'
(Font)                  EU1/SwiftNeueLTPro(0)/m/n --> EU1/SwiftNeueLTPro(0)/m/n
 on input line 40.
LaTeX Font Info:    Overwriting math alphabet `\mathit' in version `normal'
(Font)                  OT1/cmr/m/it --> EU1/SwiftNeueLTPro(0)/m/it on input li
ne 40.
LaTeX Font Info:    Overwriting math alphabet `\mathbf' in version `normal'
(Font)                  OT1/cmr/bx/n --> EU1/SwiftNeueLTPro(0)/bx/n on input li
ne 40.
LaTeX Font Info:    Overwriting math alphabet `\mathsf' in version `normal'
(Font)                  OT1/cmss/m/n --> EU1/lmss/m/n on input line 40.
LaTeX Font Info:    Overwriting math alphabet `\mathtt' in version `normal'
(Font)                  OT1/cmtt/m/n --> EU1/lmtt/m/n on input line 40.
LaTeX Font Info:    Overwriting symbol font `operators' in version `bold'
(Font)                  EU1/SwiftNeueLTPro(0)/m/n --> EU1/SwiftNeueLTPro(0)/bx/
n on input line 40.
LaTeX Font Info:    Overwriting math alphabet `\mathit' in version `bold'
(Font)                  OT1/cmr/bx/it --> EU1/SwiftNeueLTPro(0)/bx/it on input 
line 40.
LaTeX Font Info:    Overwriting math alphabet `\mathsf' in version `bold'
(Font)                  OT1/cmss/bx/n --> EU1/lmss/bx/n on input line 40.
LaTeX Font Info:    Overwriting math alphabet `\mathtt' in version `bold'
(Font)                  OT1/cmtt/m/n --> EU1/lmtt/bx/n on input line 40.
Package lastpage Info: Please have a look at the pageslts package at
(lastpage)             https://www.ctan.org/pkg/pageslts
(lastpage)             ! on input line 40.
Package caption Info: Begin \AtBeginDocument code.
Package caption Info: rotating package is loaded.
Package caption Info: xtab package is loaded.
Package caption Info: End \AtBeginDocument code.
Unknown feature `protrusion=default' in font `Swift Neue LT Pro Regular'.
Unknown feature `expansion=default' in font `Swift Neue LT Pro Regular'.
Unknown feature `protrusion=default' in font `Swift Neue LT Pro Regular'.
Unknown feature `expansion=default' in font `Swift Neue LT Pro Regular'.
Unknown feature `protrusion=default' in font `Swift Neue LT Pro Regular'.
Unknown feature `expansion=default' in font `Swift Neue LT Pro Regular'.
Unknown feature `protrusion=default' in font `Swift Neue LT Pro Italic'.
Unknown feature `expansion=default' in font `Swift Neue LT Pro Italic'.
LaTeX Font Info:    Try loading font information for EU1+lmtt on input line 40.


(/usr/share/texlive/texmf-dist/tex/latex/euenc/eu1lmtt.fd
File: eu1lmtt.fd 2009/10/30 v1.6 Font defs for Latin Modern
)
Package microtype Info: Loading generic settings for font family
(microtype)             `lmtt' (encoding: EU1).
(microtype)             For optimal results, create family-specific settings.
(microtype)             See the microtype manual for details.
 [1

]
Unknown feature `protrusion=default' in font `Swift Neue LT Pro Regular'.
Unknown feature `expansion=default' in font `Swift Neue LT Pro Regular'.
Unknown feature `protrusion=default' in font `Swift Neue LT Pro Bold'.
Unknown feature `expansion=default' in font `Swift Neue LT Pro Bold'.
Unknown feature `protrusion=default' in font `Swift Neue LT Pro Regular'.
Unknown feature `expansion=default' in font `Swift Neue LT Pro Regular'.
LaTeX Font Info:    External font `cmex10' loaded for size
(Font)              <6> on input line 40.
LaTeX Font Info:    External font `cmex10' loaded for size
(Font)              <5> on input line 40.

(/usr/share/texlive/texmf-dist/tex/latex/microtype/mt-cmr.cfg
File: mt-cmr.cfg 2013/05/19 v2.2 microtype config. file: Computer Modern Roman 
(RS)
)
Unknown feature `protrusion=default' in font `Swift Neue LT Pro Italic'.
Unknown feature `expansion=default' in font `Swift Neue LT Pro Italic'.
Unknown feature `protrusion=default' in font `Swift Neue LT Pro Regular'.
Unknown feature `expansion=default' in font `Swift Neue LT Pro Regular'.
 [2

]
LaTeX Font Info:    Try loading font information for OT1+ptm on input line 40.

(/usr/share/texlive/texmf-dist/tex/latex/psnfss/ot1ptm.fd
File: ot1ptm.fd 2001/06/04 font definitions for OT1/ptm.
)
(/usr/share/texlive/texmf-dist/tex/latex/microtype/mt-ptm.cfg
File: mt-ptm.cfg 2006/04/20 v1.7 microtype config. file: Times (RS)
) [3]
(./PRETAS.tex
LaTeX Font Info:    External font `cmex10' loaded for size
(Font)              <8> on input line 4.
Unknown feature `protrusion=default' in font `Swift Neue LT Pro Bold'.
Unknown feature `expansion=default' in font `Swift Neue LT Pro Bold'.
) [4

] (./LIVRO.toc
Unknown feature `protrusion=default' in font `Swift Neue LT Pro Italic'.
Unknown feature `expansion=default' in font `Swift Neue LT Pro Italic'.
Unknown feature `protrusion=default' in font `Swift Neue LT Pro Regular'.
Unknown feature `expansion=default' in font `Swift Neue LT Pro Regular'.
Unknown feature `protrusion=default' in font `Swift Neue LT Pro Italic'.
Unknown feature `expansion=default' in font `Swift Neue LT Pro Italic'.
Unknown feature `protrusion=default' in font `Swift Neue LT Pro Regular'.
Unknown feature `expansion=default' in font `Swift Neue LT Pro Regular'.
Unknown feature `protrusion=default' in font `Swift Neue LT Pro Regular'.
Unknown feature `expansion=default' in font `Swift Neue LT Pro Regular'.
) [5]
\openout2 = `INPUTS.aux'.

 (./INPUTS.tex (./LISTADESIGLAS5174.tex
[6



]
Unknown feature `protrusion=default' in font `Swift Neue LT Pro Regular'.
Unknown feature `expansion=default' in font `Swift Neue LT Pro Regular'.
LaTeX Font Info:    External font `cmex10' loaded for size
(Font)              <7> on input line 9.
) (./UMREPORTEREMIDOMENI5186.tex [7] [8

] [9]) (./INTRODUCAO.tex [10]
[11] [12

]
Unknown feature `protrusion=default' in font `Swift Neue LT Pro Italic'.
Unknown feature `expansion=default' in font `Swift Neue LT Pro Italic'.
Unknown feature `protrusion=default' in font `Swift Neue LT Pro Italic'.
Unknown feature `expansion=default' in font `Swift Neue LT Pro Italic'.
 [13]
Unknown feature `protrusion=default' in font `Swift Neue LT Pro Regular'.
Unknown feature `expansion=default' in font `Swift Neue LT Pro Regular'.
 [14]
Unknown feature `protrusion=default' in font `Swift Neue LT Pro Bold'.
Unknown feature `expansion=default' in font `Swift Neue LT Pro Bold'.
 [15] [16] [17] [18] [19]
Underfull \hbox (badness 3623) in paragraph at lines 216--220
[]\EU1/SwiftNeueLTPro(0)/m/n/10 Organizaes no-governamentais tambm tomaram
 []

[20] [21]) [22] [23

] [24] (./INTRODUCAO5175.tex
Underfull \hbox (badness 6316) in paragraph at lines 20--20
[]\EU1/SwiftNeueLTPro(0)/m/n/8 1. []\EU1/SwiftNeueLTPro(0)/m/sc/8 acnur \EU1/Sw
iftNeueLTPro(0)/m/n/8 (2016c) \EU1/SwiftNeueLTPro(0)/m/it/8 Refugees/Migrants E
mergency Response  Mediterra-
 []

[25

] [26]) (./EMALTOMAR5176.tex [27]
File: ./img/FlickCC.jpg Graphic file (type QTm)
 <use  "./img/FlickCC.jpg" >
File: ./img/FlickCC.jpg Graphic file (type QTm)

<use  "./img/FlickCC.jpg" >
File: ./img/FlickCC.jpg Graphic file (type QTm)
 <use  "./img/FlickCC.jpg" >
Overfull \hbox (57.17174pt too wide) in paragraph at lines 6--6
[]| []
 []

[28] [29



] [30] [31] [32] [33] [34]
Underfull \hbox (badness 3199) in paragraph at lines 241--248
[]\EU1/SwiftNeueLTPro(0)/m/n/10 Nas pequenas ruelas sem nome e de cho batido
 []

[35] [36] [37] [38] [39] [40]) (./APRIMEIRAFASE5177.tex [41]
File: ./img/CSC_0041.jpg Graphic file (type QTm)

<use  "./img/CSC_0041.jpg" >
File: ./img/CSC_0041.jpg Graphic file (type QTm)
 <use  "./img/CSC_0041.jpg" >
File: ./img/CSC_0041.jpg Graphic file (type QTm)

<use  "./img/CSC_0041.jpg" >
Overfull \hbox (57.17174pt too wide) in paragraph at lines 2--2
[]| []
 []

Unknown feature `protrusion=default' in font `Swift Neue LT Pro Italic'.
Unknown feature `expansion=default' in font `Swift Neue LT Pro Italic'.
Unknown feature `protrusion=default' in font `Swift Neue LT Pro Bold Italic'.
Unknown feature `expansion=default' in font `Swift Neue LT Pro Bold Italic'.
[42] [43



] [44] [45] [46]
File: ./img/MP02.png Graphic file (type QTm)
 <use  "./img/MP02.png" >
File: ./img/MP02.png Graphic file (type QTm)
 <use  "./img/MP02.png" >
File: ./img/MP02.png Graphic file (type QTm)

<use  "./img/MP02.png" >
Overfull \hbox (57.24991pt too wide) in paragraph at lines 141--141
[]| []
 []

File: ./img/MP03.png Graphic file (type QTm)
<use  "./img/MP03.png" > [47] [48] [49

]
Underfull \hbox (badness 1024) in paragraph at lines 177--183
[]\EU1/SwiftNeueLTPro(0)/m/n/10 Conter os integrantes dos grupos no mesmo espa
o
 []

[50]) (./ENCURRALADOS5178.tex [51] [52]
File: ./img/DSC_0139.jpg Graphic file (type QTm)
 <use  "./img/DSC_0139.jpg" >
File: ./img/DSC_0139.jpg Graphic file (type QTm)

<use  "./img/DSC_0139.jpg" >
File: ./img/DSC_0139.jpg Graphic file (type QTm)
 <use  "./img/DSC_0139.jpg" >
Overfull \hbox (57.24991pt too wide) in paragraph at lines 2--2
[]| []
 []

[53] [54



] [55] [56] [57] [58] [59] [60]) (./ATORESHUMANITARIOS5179.tex [61]
File: ./img/CSC_0043.jpg Graphic file (type QTm)

<use  "./img/CSC_0043.jpg" >
File: ./img/CSC_0043.jpg Graphic file (type QTm)
 <use  "./img/CSC_0043.jpg" >
File: ./img/CSC_0043.jpg Graphic file (type QTm)

<use  "./img/CSC_0043.jpg" >
Overfull \hbox (57.17174pt too wide) in paragraph at lines 2--2
[]| []
 []

[62] [63



] [64] [65] [66]) (./ESPIRALFINAL5180.tex [67]
File: ./img/DSC_0520.jpg Graphic file (type QTm)

<use  "./img/DSC_0520.jpg" >
File: ./img/DSC_0520.jpg Graphic file (type QTm)
 <use  "./img/DSC_0520.jpg" >
File: ./img/DSC_0520.jpg Graphic file (type QTm)

<use  "./img/DSC_0520.jpg" >
Overfull \hbox (57.17174pt too wide) in paragraph at lines 2--2
[]| []
 []

[68] [69



] [70] [71] [72] [73] [74] [75] [76] [77]) (./VOLUNTARIOS5181.tex
[78] [79]
File: ./img/DSC_0487.jpg Graphic file (type QTm)
 <use  "./img/DSC_0487.jpg" >
File: ./img/DSC_0487.jpg Graphic file (type QTm)
 <use  "./img/DSC_0487.jpg" >
File: ./img/DSC_0487.jpg Graphic file (type QTm)

<use  "./img/DSC_0487.jpg" >
Overfull \hbox (57.17174pt too wide) in paragraph at lines 4--4
[]| []
 []

[80] [81


]
File: ./img/MP01.png Graphic file (type QTm)
 <use  "./img/MP01.png" >
File: ./img/MP01.png Graphic file (type QTm)
 <use  "./img/MP01.png" >
File: ./img/MP01.png Graphic file (type QTm)

<use  "./img/MP01.png" >
Overfull \hbox (57.17174pt too wide) in paragraph at lines 62--62
[]| []
 []

Unknown feature `protrusion=default' in font `Swift Neue LT Pro Italic'.
Unknown feature `expansion=default' in font `Swift Neue LT Pro Italic'.
[82] [83] [84] [85]) (./IDOMENI5182.tex [86] [87]
File: ./img/DSC_0024.jpg Graphic file (type QTm)
 <use  "./img/DSC_0024.jpg" >
File: ./img/DSC_0024.jpg Graphic file (type QTm)

<use  "./img/DSC_0024.jpg" >
File: ./img/DSC_0024.jpg Graphic file (type QTm)
 <use  "./img/DSC_0024.jpg" >
Overfull \hbox (57.17174pt too wide) in paragraph at lines 3--3
[]| []
 []

[88] [89


] [90] [91] [92] [93] [94] [95] [96] [97] [98] [99] [100] [101]
[102] [103]) (./MAE5183.tex [104] [105]
File: ./img/DSC_0021.jpg Graphic file (type QTm)
 <use  "./img/DSC_0021.jpg" >
File: ./img/DSC_0021.jpg Graphic file (type QTm)

<use  "./img/DSC_0021.jpg" >
File: ./img/DSC_0021.jpg Graphic file (type QTm)
 <use  "./img/DSC_0021.jpg" >
Overfull \hbox (57.17174pt too wide) in paragraph at lines 2--2
[]| []
 []

[106] [107


] [108] [109] [110] [111] [112] [113] [114]
Underfull \hbox (badness 1215) in paragraph at lines 242--251
[]\EU1/SwiftNeueLTPro(0)/m/n/10 Muitas vezes de madrugada, quase diariamente, N
a-
 []

) (./VIOLONCELO5184.tex [115]
File: ./img/DSC_0095.jpg Graphic file (type QTm)
 <use  "./img/DSC_0095.jpg" >
File: ./img/DSC_0095.jpg Graphic file (type QTm)

<use  "./img/DSC_0095.jpg" >
File: ./img/DSC_0095.jpg Graphic file (type QTm)
 <use  "./img/DSC_0095.jpg" >
Overfull \hbox (57.17174pt too wide) in paragraph at lines 2--2
[]| []
 []

[116]
Underfull \hbox (badness 1946) in paragraph at lines 30--37
\EU1/SwiftNeueLTPro(0)/m/n/10 sidade de sotaques criou uma barreira lingustica
 que,
 []

[117



] [118] [119] [120] [121]
Underfull \hbox (badness 2512) in paragraph at lines 175--177
[]\EU1/SwiftNeueLTPro(0)/m/n/10 Aquela separao forada j durava vrios mes
es.
 []

[122]) (./REFERENCIAS5185.tex [123] [124

]
LaTeX Font Info:    External font `cmex10' loaded for size
(Font)              <9> on input line 8.
Unknown feature `protrusion=default' in font `Swift Neue LT Pro Regular'.
Unknown feature `expansion=default' in font `Swift Neue LT Pro Regular'.
Unknown feature `protrusion=default' in font `Swift Neue LT Pro Italic'.
Unknown feature `expansion=default' in font `Swift Neue LT Pro Italic'.

Underfull \hbox (badness 1845) in paragraph at lines 24--27
[]\EU1/SwiftNeueLTPro(0)/m/n/9 Anistia Internacional (2016a) \EU1/SwiftNeueLTPr
o(0)/m/it/9 Iran 2015/2016\EU1/SwiftNeueLTPro(0)/m/n/9 . Disponvel em:
 []


Underfull \hbox (badness 1052) in paragraph at lines 40--44
[]\EU1/SwiftNeueLTPro(0)/m/n/9 Conselho Dinamarqus para Refugiados (2016) \EU1
/SwiftNeueLTPro(0)/m/it/9 Summary of re-
 []

[125]
Underfull \hbox (badness 1472) in paragraph at lines 61--65
\EU1/SwiftNeueLTPro(0)/m/it/9 ponse to refugee crisis  European commission\EU1
/SwiftNeueLTPro(0)/m/n/9 . Disponvel em:
 []

[126] [127]) [128] [129

] [130] (./IMAGENS.tex
File: ./img/CSC_0047.jpg Graphic file (type QTm)
 <use  "./img/CSC_0047.jpg" >
File: ./img/CSC_0047.jpg Graphic file (type QTm)

<use  "./img/CSC_0047.jpg" >
File: ./img/CSC_0047.jpg Graphic file (type QTm)
 <use  "./img/CSC_0047.jpg" >
Overfull \hbox (57.24991pt too wide) in paragraph at lines 1--1
[]| []
 []

[131]
File: ./img/DSC_0033.jpg Graphic file (type QTm)
 <use  "./img/DSC_0033.jpg" >
File: ./img/DSC_0033.jpg Graphic file (type QTm)
 <use  "./img/DSC_0033.jpg" >
File: ./img/DSC_0033.jpg Graphic file (type QTm)

<use  "./img/DSC_0033.jpg" >
Overfull \hbox (57.17174pt too wide) in paragraph at lines 2--2
[]| []
 []

[132]
File: ./img/DSC_0055.jpg Graphic file (type QTm)
 <use  "./img/DSC_0055.jpg" >
File: ./img/DSC_0055.jpg Graphic file (type QTm)
 <use  "./img/DSC_0055.jpg" >
File: ./img/DSC_0055.jpg Graphic file (type QTm)

<use  "./img/DSC_0055.jpg" >
Overfull \hbox (57.24991pt too wide) in paragraph at lines 3--3
[]| []
 []

[133]
File: ./img/DSC_0057.jpg Graphic file (type QTm)
 <use  "./img/DSC_0057.jpg" >
File: ./img/DSC_0057.jpg Graphic file (type QTm)
 <use  "./img/DSC_0057.jpg" >
File: ./img/DSC_0057.jpg Graphic file (type QTm)

<use  "./img/DSC_0057.jpg" >
Overfull \hbox (57.17174pt too wide) in paragraph at lines 4--4
[]| []
 []

[134]
File: ./img/DSC_0071.jpg Graphic file (type QTm)
 <use  "./img/DSC_0071.jpg" >
File: ./img/DSC_0071.jpg Graphic file (type QTm)
 <use  "./img/DSC_0071.jpg" >
File: ./img/DSC_0071.jpg Graphic file (type QTm)

<use  "./img/DSC_0071.jpg" >
Overfull \hbox (57.24991pt too wide) in paragraph at lines 5--5
[]| []
 []

[135]
File: ./img/DSC_0075.jpg Graphic file (type QTm)
 <use  "./img/DSC_0075.jpg" >
File: ./img/DSC_0075.jpg Graphic file (type QTm)
 <use  "./img/DSC_0075.jpg" >
File: ./img/DSC_0075.jpg Graphic file (type QTm)

<use  "./img/DSC_0075.jpg" >
Overfull \hbox (57.17174pt too wide) in paragraph at lines 6--6
[]| []
 []

[136]
File: ./img/DSC_0114.jpg Graphic file (type QTm)
 <use  "./img/DSC_0114.jpg" >
File: ./img/DSC_0114.jpg Graphic file (type QTm)
 <use  "./img/DSC_0114.jpg" >
File: ./img/DSC_0114.jpg Graphic file (type QTm)

<use  "./img/DSC_0114.jpg" >
Overfull \hbox (57.24991pt too wide) in paragraph at lines 7--7
[]| []
 []

[137]
File: ./img/DSC_0119.jpg Graphic file (type QTm)
 <use  "./img/DSC_0119.jpg" >
File: ./img/DSC_0119.jpg Graphic file (type QTm)
 <use  "./img/DSC_0119.jpg" >
File: ./img/DSC_0119.jpg Graphic file (type QTm)

<use  "./img/DSC_0119.jpg" >
Overfull \hbox (57.17174pt too wide) in paragraph at lines 8--8
[]| []
 []

[138]
File: ./img/DSC_0120.jpg Graphic file (type QTm)
 <use  "./img/DSC_0120.jpg" >
File: ./img/DSC_0120.jpg Graphic file (type QTm)
 <use  "./img/DSC_0120.jpg" >
File: ./img/DSC_0120.jpg Graphic file (type QTm)

<use  "./img/DSC_0120.jpg" >
Overfull \hbox (57.24991pt too wide) in paragraph at lines 9--9
[]| []
 []

[139]
File: ./img/DSC_0125.jpg Graphic file (type QTm)
 <use  "./img/DSC_0125.jpg" >
File: ./img/DSC_0125.jpg Graphic file (type QTm)
 <use  "./img/DSC_0125.jpg" >
File: ./img/DSC_0125.jpg Graphic file (type QTm)

<use  "./img/DSC_0125.jpg" >
Overfull \hbox (57.17174pt too wide) in paragraph at lines 10--10
[]| []
 []

[140]
File: ./img/DSC_0174.jpg Graphic file (type QTm)
 <use  "./img/DSC_0174.jpg" >
File: ./img/DSC_0174.jpg Graphic file (type QTm)
 <use  "./img/DSC_0174.jpg" >
File: ./img/DSC_0174.jpg Graphic file (type QTm)

<use  "./img/DSC_0174.jpg" >
Overfull \hbox (57.24991pt too wide) in paragraph at lines 11--11
[]| []
 []

[141]
File: ./img/DSC_0052.jpg Graphic file (type QTm)
 <use  "./img/DSC_0052.jpg" >
File: ./img/DSC_0052.jpg Graphic file (type QTm)
 <use  "./img/DSC_0052.jpg" >
File: ./img/DSC_0052.jpg Graphic file (type QTm)

<use  "./img/DSC_0052.jpg" >
Overfull \hbox (57.17174pt too wide) in paragraph at lines 12--12
[]| []
 []

[142]
File: ./img/DSC_0110.jpg Graphic file (type QTm)
 <use  "./img/DSC_0110.jpg" >
File: ./img/DSC_0110.jpg Graphic file (type QTm)
 <use  "./img/DSC_0110.jpg" >
File: ./img/DSC_0110.jpg Graphic file (type QTm)

<use  "./img/DSC_0110.jpg" >
Overfull \hbox (57.24991pt too wide) in paragraph at lines 13--13
[]| []
 []

[143]
File: ./img/DSC_0116.jpg Graphic file (type QTm)
 <use  "./img/DSC_0116.jpg" >
File: ./img/DSC_0116.jpg Graphic file (type QTm)
 <use  "./img/DSC_0116.jpg" >
File: ./img/DSC_0116.jpg Graphic file (type QTm)

<use  "./img/DSC_0116.jpg" >
Overfull \hbox (57.17174pt too wide) in paragraph at lines 14--14
[]| []
 []

[144]
File: ./img/DSC_0160.jpg Graphic file (type QTm)
 <use  "./img/DSC_0160.jpg" >
File: ./img/DSC_0160.jpg Graphic file (type QTm)
 <use  "./img/DSC_0160.jpg" >
File: ./img/DSC_0160.jpg Graphic file (type QTm)

<use  "./img/DSC_0160.jpg" >
Overfull \hbox (57.24991pt too wide) in paragraph at lines 15--15
[]| []
 []

[145]
File: ./img/DSC_0078.jpg Graphic file (type QTm)
 <use  "./img/DSC_0078.jpg" >
File: ./img/DSC_0078.jpg Graphic file (type QTm)
 <use  "./img/DSC_0078.jpg" >
File: ./img/DSC_0078.jpg Graphic file (type QTm)

<use  "./img/DSC_0078.jpg" >
Overfull \hbox (57.17174pt too wide) in paragraph at lines 16--16
[]| []
 []

[146]
File: ./img/DSC_0062.jpg Graphic file (type QTm)
 <use  "./img/DSC_0062.jpg" >
File: ./img/DSC_0062.jpg Graphic file (type QTm)
 <use  "./img/DSC_0062.jpg" >
File: ./img/DSC_0062.jpg Graphic file (type QTm)

<use  "./img/DSC_0062.jpg" >
Overfull \hbox (57.24991pt too wide) in paragraph at lines 17--17
[]| []
 []

[147]
File: ./img/DSC_0083.jpg Graphic file (type QTm)
 <use  "./img/DSC_0083.jpg" >
File: ./img/DSC_0083.jpg Graphic file (type QTm)
 <use  "./img/DSC_0083.jpg" >
File: ./img/DSC_0083.jpg Graphic file (type QTm)

<use  "./img/DSC_0083.jpg" >
Overfull \hbox (57.17174pt too wide) in paragraph at lines 18--18
[]| []
 []

[148]
File: ./img/DSC_0098.jpg Graphic file (type QTm)
 <use  "./img/DSC_0098.jpg" >
File: ./img/DSC_0098.jpg Graphic file (type QTm)
 <use  "./img/DSC_0098.jpg" >
File: ./img/DSC_0098.jpg Graphic file (type QTm)

<use  "./img/DSC_0098.jpg" >
Overfull \hbox (57.24991pt too wide) in paragraph at lines 19--19
[]| []
 []

[149]
File: ./img/DSC_0123.jpg Graphic file (type QTm)
 <use  "./img/DSC_0123.jpg" >
File: ./img/DSC_0123.jpg Graphic file (type QTm)
 <use  "./img/DSC_0123.jpg" >
File: ./img/DSC_0123.jpg Graphic file (type QTm)

<use  "./img/DSC_0123.jpg" >
Overfull \hbox (57.17174pt too wide) in paragraph at lines 20--20
[]| []
 []

[150]
File: ./img/DSC_0127.jpg Graphic file (type QTm)
 <use  "./img/DSC_0127.jpg" >
File: ./img/DSC_0127.jpg Graphic file (type QTm)
 <use  "./img/DSC_0127.jpg" >
File: ./img/DSC_0127.jpg Graphic file (type QTm)

<use  "./img/DSC_0127.jpg" >
Overfull \hbox (57.24991pt too wide) in paragraph at lines 21--21
[]| []
 []

[151]
File: ./img/DSC_0135.jpg Graphic file (type QTm)
 <use  "./img/DSC_0135.jpg" >
File: ./img/DSC_0135.jpg Graphic file (type QTm)
 <use  "./img/DSC_0135.jpg" >
File: ./img/DSC_0135.jpg Graphic file (type QTm)

<use  "./img/DSC_0135.jpg" >
Overfull \hbox (57.17174pt too wide) in paragraph at lines 22--22
[]| []
 []

[152]
File: ./img/DSC_0139.jpg Graphic file (type QTm)
 <use  "./img/DSC_0139.jpg" >
File: ./img/DSC_0139.jpg Graphic file (type QTm)
 <use  "./img/DSC_0139.jpg" >
File: ./img/DSC_0139.jpg Graphic file (type QTm)

<use  "./img/DSC_0139.jpg" >
Overfull \hbox (57.24991pt too wide) in paragraph at lines 23--23
[]| []
 []

[153]
File: ./img/DSC_0142.jpg Graphic file (type QTm)
 <use  "./img/DSC_0142.jpg" >
File: ./img/DSC_0142.jpg Graphic file (type QTm)
 <use  "./img/DSC_0142.jpg" >
File: ./img/DSC_0142.jpg Graphic file (type QTm)

<use  "./img/DSC_0142.jpg" >
Overfull \hbox (57.17174pt too wide) in paragraph at lines 24--24
[]| []
 []

[154]
File: ./img/DSC_0147.jpg Graphic file (type QTm)
 <use  "./img/DSC_0147.jpg" >
File: ./img/DSC_0147.jpg Graphic file (type QTm)
 <use  "./img/DSC_0147.jpg" >
File: ./img/DSC_0147.jpg Graphic file (type QTm)

<use  "./img/DSC_0147.jpg" >
Overfull \hbox (57.24991pt too wide) in paragraph at lines 25--25
[]| []
 []

[155]
File: ./img/DSC_0197.jpg Graphic file (type QTm)
 <use  "./img/DSC_0197.jpg" >
File: ./img/DSC_0197.jpg Graphic file (type QTm)
 <use  "./img/DSC_0197.jpg" >
File: ./img/DSC_0197.jpg Graphic file (type QTm)

<use  "./img/DSC_0197.jpg" >
Overfull \hbox (57.17174pt too wide) in paragraph at lines 26--26
[]| []
 []

[156]
File: ./img/DSC_0218.jpg Graphic file (type QTm)
 <use  "./img/DSC_0218.jpg" >
File: ./img/DSC_0218.jpg Graphic file (type QTm)
 <use  "./img/DSC_0218.jpg" >
File: ./img/DSC_0218.jpg Graphic file (type QTm)

<use  "./img/DSC_0218.jpg" >
Overfull \hbox (57.24991pt too wide) in paragraph at lines 27--27
[]| []
 []

[157]
File: ./img/DSC_0184.jpg Graphic file (type QTm)
 <use  "./img/DSC_0184.jpg" >
File: ./img/DSC_0184.jpg Graphic file (type QTm)
 <use  "./img/DSC_0184.jpg" >
File: ./img/DSC_0184.jpg Graphic file (type QTm)

<use  "./img/DSC_0184.jpg" >
Overfull \hbox (57.17174pt too wide) in paragraph at lines 28--28
[]| []
 []

[158]
File: ./img/DSC_0198.jpg Graphic file (type QTm)
 <use  "./img/DSC_0198.jpg" >
File: ./img/DSC_0198.jpg Graphic file (type QTm)
 <use  "./img/DSC_0198.jpg" >
File: ./img/DSC_0198.jpg Graphic file (type QTm)

<use  "./img/DSC_0198.jpg" >
Overfull \hbox (57.24991pt too wide) in paragraph at lines 29--29
[]| []
 []

[159]
File: ./img/DSC_0205.jpg Graphic file (type QTm)
 <use  "./img/DSC_0205.jpg" >
File: ./img/DSC_0205.jpg Graphic file (type QTm)
 <use  "./img/DSC_0205.jpg" >
File: ./img/DSC_0205.jpg Graphic file (type QTm)

<use  "./img/DSC_0205.jpg" >
Overfull \hbox (57.17174pt too wide) in paragraph at lines 30--30
[]| []
 []

[160]
File: ./img/DSC_0214.jpg Graphic file (type QTm)
 <use  "./img/DSC_0214.jpg" >
File: ./img/DSC_0214.jpg Graphic file (type QTm)
 <use  "./img/DSC_0214.jpg" >
File: ./img/DSC_0214.jpg Graphic file (type QTm)

<use  "./img/DSC_0214.jpg" >
Overfull \hbox (57.24991pt too wide) in paragraph at lines 31--31
[]| []
 []

[161]
File: ./img/DSC_0220.jpg Graphic file (type QTm)
 <use  "./img/DSC_0220.jpg" >
File: ./img/DSC_0220.jpg Graphic file (type QTm)
 <use  "./img/DSC_0220.jpg" >
File: ./img/DSC_0220.jpg Graphic file (type QTm)

<use  "./img/DSC_0220.jpg" >
Overfull \hbox (57.17174pt too wide) in paragraph at lines 32--32
[]| []
 []

[162]
File: ./img/DSC_0221.jpg Graphic file (type QTm)
 <use  "./img/DSC_0221.jpg" >
File: ./img/DSC_0221.jpg Graphic file (type QTm)
 <use  "./img/DSC_0221.jpg" >
File: ./img/DSC_0221.jpg Graphic file (type QTm)

<use  "./img/DSC_0221.jpg" >
Overfull \hbox (57.24991pt too wide) in paragraph at lines 33--33
[]| []
 []

[163]
File: ./img/DSC_0224.jpg Graphic file (type QTm)
 <use  "./img/DSC_0224.jpg" >
File: ./img/DSC_0224.jpg Graphic file (type QTm)
 <use  "./img/DSC_0224.jpg" >
File: ./img/DSC_0224.jpg Graphic file (type QTm)

<use  "./img/DSC_0224.jpg" >
Overfull \hbox (57.17174pt too wide) in paragraph at lines 34--34
[]| []
 []

[164]
File: ./img/DSC_0494.jpg Graphic file (type QTm)
 <use  "./img/DSC_0494.jpg" >
File: ./img/DSC_0494.jpg Graphic file (type QTm)
 <use  "./img/DSC_0494.jpg" >
File: ./img/DSC_0494.jpg Graphic file (type QTm)

<use  "./img/DSC_0494.jpg" >
Overfull \hbox (57.24991pt too wide) in paragraph at lines 36--36
[]| []
 []

[165]
File: ./img/DSC_0497.jpg Graphic file (type QTm)
 <use  "./img/DSC_0497.jpg" >
File: ./img/DSC_0497.jpg Graphic file (type QTm)
 <use  "./img/DSC_0497.jpg" >
File: ./img/DSC_0497.jpg Graphic file (type QTm)

<use  "./img/DSC_0497.jpg" >
Overfull \hbox (57.17174pt too wide) in paragraph at lines 37--37
[]| []
 []

[166]
File: ./img/DSC_0499.jpg Graphic file (type QTm)
 <use  "./img/DSC_0499.jpg" >
File: ./img/DSC_0499.jpg Graphic file (type QTm)
 <use  "./img/DSC_0499.jpg" >
File: ./img/DSC_0499.jpg Graphic file (type QTm)

<use  "./img/DSC_0499.jpg" >
Overfull \hbox (57.24991pt too wide) in paragraph at lines 38--38
[]| []
 []

[167]
File: ./img/DSC_0502.jpg Graphic file (type QTm)
 <use  "./img/DSC_0502.jpg" >
File: ./img/DSC_0502.jpg Graphic file (type QTm)
 <use  "./img/DSC_0502.jpg" >
File: ./img/DSC_0502.jpg Graphic file (type QTm)

<use  "./img/DSC_0502.jpg" >
Overfull \hbox (57.17174pt too wide) in paragraph at lines 39--39
[]| []
 []

[168]
File: ./img/DSC_0506.jpg Graphic file (type QTm)
 <use  "./img/DSC_0506.jpg" >
File: ./img/DSC_0506.jpg Graphic file (type QTm)
 <use  "./img/DSC_0506.jpg" >
File: ./img/DSC_0506.jpg Graphic file (type QTm)

<use  "./img/DSC_0506.jpg" >
Overfull \hbox (57.24991pt too wide) in paragraph at lines 40--40
[]| []
 []

[169]
File: ./img/DSC_0509.jpg Graphic file (type QTm)
 <use  "./img/DSC_0509.jpg" >
File: ./img/DSC_0509.jpg Graphic file (type QTm)
 <use  "./img/DSC_0509.jpg" >
File: ./img/DSC_0509.jpg Graphic file (type QTm)

<use  "./img/DSC_0509.jpg" >
Overfull \hbox (57.17174pt too wide) in paragraph at lines 41--41
[]| []
 []

[170]
File: ./img/DSC_0510.jpg Graphic file (type QTm)
 <use  "./img/DSC_0510.jpg" >
File: ./img/DSC_0510.jpg Graphic file (type QTm)
 <use  "./img/DSC_0510.jpg" >
File: ./img/DSC_0510.jpg Graphic file (type QTm)

<use  "./img/DSC_0510.jpg" >
Overfull \hbox (57.24991pt too wide) in paragraph at lines 42--42
[]| []
 []

[171]
File: ./img/DSC_0512.jpg Graphic file (type QTm)
 <use  "./img/DSC_0512.jpg" >
File: ./img/DSC_0512.jpg Graphic file (type QTm)
 <use  "./img/DSC_0512.jpg" >
File: ./img/DSC_0512.jpg Graphic file (type QTm)

<use  "./img/DSC_0512.jpg" >
Overfull \hbox (57.17174pt too wide) in paragraph at lines 43--43
[]| []
 []

[172]
File: ./img/DSC_0515.jpg Graphic file (type QTm)
 <use  "./img/DSC_0515.jpg" >
File: ./img/DSC_0515.jpg Graphic file (type QTm)
 <use  "./img/DSC_0515.jpg" >
File: ./img/DSC_0515.jpg Graphic file (type QTm)

<use  "./img/DSC_0515.jpg" >
Overfull \hbox (57.24991pt too wide) in paragraph at lines 45--45
[]| []
 []

[173]
File: ./img/DSC_0516.jpg Graphic file (type QTm)
 <use  "./img/DSC_0516.jpg" >
File: ./img/DSC_0516.jpg Graphic file (type QTm)
 <use  "./img/DSC_0516.jpg" >
File: ./img/DSC_0516.jpg Graphic file (type QTm)

<use  "./img/DSC_0516.jpg" >
Overfull \hbox (57.17174pt too wide) in paragraph at lines 46--46
[]| []
 []

[174]
File: ./img/DSC_0517.jpg Graphic file (type QTm)
 <use  "./img/DSC_0517.jpg" >
File: ./img/DSC_0517.jpg Graphic file (type QTm)
 <use  "./img/DSC_0517.jpg" >
File: ./img/DSC_0517.jpg Graphic file (type QTm)

<use  "./img/DSC_0517.jpg" >
Overfull \hbox (57.24991pt too wide) in paragraph at lines 47--47
[]| []
 []

[175]
File: ./img/DSC_0522.jpg Graphic file (type QTm)
 <use  "./img/DSC_0522.jpg" >
File: ./img/DSC_0522.jpg Graphic file (type QTm)
 <use  "./img/DSC_0522.jpg" >
File: ./img/DSC_0522.jpg Graphic file (type QTm)

<use  "./img/DSC_0522.jpg" >
Overfull \hbox (57.17174pt too wide) in paragraph at lines 49--49
[]| []
 []

[176]
File: ./img/DSC_0528.jpg Graphic file (type QTm)
 <use  "./img/DSC_0528.jpg" >
File: ./img/DSC_0528.jpg Graphic file (type QTm)
 <use  "./img/DSC_0528.jpg" >
File: ./img/DSC_0528.jpg Graphic file (type QTm)

<use  "./img/DSC_0528.jpg" >
Overfull \hbox (57.24991pt too wide) in paragraph at lines 50--50
[]| []
 []

[177]
File: ./img/DSC_0533.jpg Graphic file (type QTm)
 <use  "./img/DSC_0533.jpg" >
File: ./img/DSC_0533.jpg Graphic file (type QTm)
 <use  "./img/DSC_0533.jpg" >
File: ./img/DSC_0533.jpg Graphic file (type QTm)

<use  "./img/DSC_0533.jpg" >
Overfull \hbox (57.17174pt too wide) in paragraph at lines 51--51
[]| []
 []

[178]
File: ./img/DSC_0535.jpg Graphic file (type QTm)
 <use  "./img/DSC_0535.jpg" >
File: ./img/DSC_0535.jpg Graphic file (type QTm)
 <use  "./img/DSC_0535.jpg" >
File: ./img/DSC_0535.jpg Graphic file (type QTm)

<use  "./img/DSC_0535.jpg" >
Overfull \hbox (57.24991pt too wide) in paragraph at lines 52--52
[]| []
 []

[179]
File: ./img/DSC_0536.jpg Graphic file (type QTm)
 <use  "./img/DSC_0536.jpg" >
File: ./img/DSC_0536.jpg Graphic file (type QTm)
 <use  "./img/DSC_0536.jpg" >
File: ./img/DSC_0536.jpg Graphic file (type QTm)

<use  "./img/DSC_0536.jpg" >
Overfull \hbox (57.17174pt too wide) in paragraph at lines 53--53
[]| []
 []

[180]
File: ./img/DSC_0541.jpg Graphic file (type QTm)
 <use  "./img/DSC_0541.jpg" >
File: ./img/DSC_0541.jpg Graphic file (type QTm)
 <use  "./img/DSC_0541.jpg" >
File: ./img/DSC_0541.jpg Graphic file (type QTm)

<use  "./img/DSC_0541.jpg" >
Overfull \hbox (57.24991pt too wide) in paragraph at lines 54--54
[]| []
 []

[181]
File: ./img/DSC_0014.jpg Graphic file (type QTm)
 <use  "./img/DSC_0014.jpg" >
File: ./img/DSC_0014.jpg Graphic file (type QTm)
 <use  "./img/DSC_0014.jpg" >
File: ./img/DSC_0014.jpg Graphic file (type QTm)

<use  "./img/DSC_0014.jpg" >
Overfull \hbox (57.17174pt too wide) in paragraph at lines 55--55
[]| []
 []

[182])) 
AED: lastpage setting LastPage
\openout2 = `PUBLICIDADE.aux'.

(/home/editorial/texmf/tex/PUBLICIDADE.tex [183























































]
Unknown feature `protrusion=default' in font `Swift Neue LT Pro Regular'.
Unknown feature `expansion=default' in font `Swift Neue LT Pro Regular'.

Underfull \hbox (badness 10000) in paragraph at lines 6--8

 []

[184]
Unknown feature `protrusion=default' in font `Swift Neue LT Pro Regular'.
Unknown feature `expansion=default' in font `Swift Neue LT Pro Regular'.
 [185] [186] [187] [188] [189]) [190

]
\tf@toc=\write5
\openout5 = `LIVRO.toc'.

 (./LIVRO.aux (./INPUTS.aux)
(./PUBLICIDADE.aux))

LaTeX Warning: There were multiply-defined labels.

 ) 
Here is how much of TeX's memory you used:
 25982 strings out of 493638
 468564 string characters out of 6146796
 638755 words of memory out of 5000000
 28793 multiletter control sequences out of 15000+600000
 14659 words of font info for 99 fonts, out of 8000000 for 9000
 1352 hyphenation exceptions out of 8191
 61i,12n,81p,10345b,496s stack positions out of 5000i,500n,10000p,200000b,80000s

Output written on LIVRO.pdf (190 pages).
